{"/home/nguyen-v/2024-apr-std/PlateTonic/client/src/App.jsx": {"path":"/home/nguyen-v/2024-apr-std/PlateTonic/client/src/App.jsx","all":false,"statementMap":{"2":{"start":{"line":3,"column":0},"end":{"line":3,"column":26}},"3":{"start":{"line":4,"column":0},"end":{"line":4,"column":74}},"4":{"start":{"line":5,"column":0},"end":{"line":5,"column":44}},"5":{"start":{"line":6,"column":0},"end":{"line":6,"column":42}},"6":{"start":{"line":7,"column":0},"end":{"line":7,"column":36}},"7":{"start":{"line":8,"column":0},"end":{"line":8,"column":49}},"8":{"start":{"line":9,"column":0},"end":{"line":9,"column":45}},"9":{"start":{"line":10,"column":0},"end":{"line":10,"column":36}},"10":{"start":{"line":11,"column":0},"end":{"line":11,"column":50}},"11":{"start":{"line":12,"column":0},"end":{"line":12,"column":45}},"12":{"start":{"line":13,"column":0},"end":{"line":13,"column":38}},"13":{"start":{"line":14,"column":0},"end":{"line":14,"column":45}},"14":{"start":{"line":15,"column":0},"end":{"line":15,"column":45}},"15":{"start":{"line":16,"column":0},"end":{"line":16,"column":48}},"16":{"start":{"line":17,"column":0},"end":{"line":17,"column":38}},"17":{"start":{"line":18,"column":0},"end":{"line":18,"column":40}},"18":{"start":{"line":19,"column":0},"end":{"line":19,"column":56}},"19":{"start":{"line":20,"column":0},"end":{"line":20,"column":46}},"20":{"start":{"line":21,"column":0},"end":{"line":21,"column":66}},"21":{"start":{"line":22,"column":0},"end":{"line":22,"column":73}},"22":{"start":{"line":23,"column":0},"end":{"line":23,"column":20}},"25":{"start":{"line":26,"column":0},"end":{"line":26,"column":16}},"26":{"start":{"line":27,"column":0},"end":{"line":27,"column":10}},"27":{"start":{"line":28,"column":0},"end":{"line":28,"column":29}},"28":{"start":{"line":29,"column":0},"end":{"line":29,"column":14}},"29":{"start":{"line":30,"column":0},"end":{"line":30,"column":39}},"30":{"start":{"line":31,"column":0},"end":{"line":31,"column":20}},"31":{"start":{"line":32,"column":0},"end":{"line":32,"column":36}},"32":{"start":{"line":33,"column":0},"end":{"line":33,"column":20}},"33":{"start":{"line":34,"column":0},"end":{"line":34,"column":55}},"34":{"start":{"line":35,"column":0},"end":{"line":35,"column":61}},"35":{"start":{"line":36,"column":0},"end":{"line":36,"column":55}},"36":{"start":{"line":37,"column":0},"end":{"line":37,"column":65}},"37":{"start":{"line":38,"column":0},"end":{"line":38,"column":64}},"38":{"start":{"line":39,"column":0},"end":{"line":39,"column":55}},"39":{"start":{"line":40,"column":0},"end":{"line":40,"column":70}},"40":{"start":{"line":41,"column":0},"end":{"line":41,"column":64}},"41":{"start":{"line":42,"column":0},"end":{"line":42,"column":57}},"42":{"start":{"line":43,"column":0},"end":{"line":43,"column":67}},"43":{"start":{"line":44,"column":0},"end":{"line":44,"column":57}},"44":{"start":{"line":45,"column":0},"end":{"line":45,"column":59}},"45":{"start":{"line":46,"column":0},"end":{"line":46,"column":76}},"46":{"start":{"line":47,"column":0},"end":{"line":47,"column":65}},"47":{"start":{"line":48,"column":0},"end":{"line":48,"column":85}},"48":{"start":{"line":49,"column":0},"end":{"line":49,"column":21}},"49":{"start":{"line":50,"column":0},"end":{"line":50,"column":17}},"50":{"start":{"line":51,"column":0},"end":{"line":51,"column":20}},"51":{"start":{"line":52,"column":0},"end":{"line":52,"column":14}},"52":{"start":{"line":53,"column":0},"end":{"line":53,"column":15}},"53":{"start":{"line":54,"column":0},"end":{"line":54,"column":30}},"55":{"start":{"line":56,"column":0},"end":{"line":56,"column":1}},"57":{"start":{"line":58,"column":0},"end":{"line":58,"column":19}}},"s":{"2":1,"3":1,"4":1,"5":1,"6":1,"7":1,"8":1,"9":1,"10":1,"11":1,"12":1,"13":1,"14":1,"15":1,"16":1,"17":1,"18":1,"19":1,"20":1,"21":1,"22":1,"25":4,"26":4,"27":4,"28":4,"29":4,"30":4,"31":4,"32":4,"33":4,"34":4,"35":4,"36":4,"37":4,"38":4,"39":4,"40":4,"41":4,"42":4,"43":4,"44":4,"45":4,"46":4,"47":4,"48":4,"49":4,"50":4,"51":4,"52":4,"53":4,"55":4,"57":1},"branchMap":{"0":{"type":"branch","line":26,"loc":{"start":{"line":26,"column":0},"end":{"line":56,"column":1}},"locations":[{"start":{"line":26,"column":0},"end":{"line":56,"column":1}}]}},"b":{"0":[4]},"fnMap":{"0":{"name":"App","decl":{"start":{"line":26,"column":0},"end":{"line":56,"column":1}},"loc":{"start":{"line":26,"column":0},"end":{"line":56,"column":1}},"line":26}},"f":{"0":4}}
,"/home/nguyen-v/2024-apr-std/PlateTonic/client/src/main.jsx": {"path":"/home/nguyen-v/2024-apr-std/PlateTonic/client/src/main.jsx","all":true,"statementMap":{"2":{"start":{"line":3,"column":0},"end":{"line":3,"column":26}},"3":{"start":{"line":4,"column":0},"end":{"line":4,"column":40}},"4":{"start":{"line":5,"column":0},"end":{"line":5,"column":28}},"5":{"start":{"line":6,"column":0},"end":{"line":6,"column":45}},"7":{"start":{"line":8,"column":0},"end":{"line":8,"column":60}},"8":{"start":{"line":9,"column":0},"end":{"line":9,"column":20}},"9":{"start":{"line":10,"column":0},"end":{"line":10,"column":11}},"10":{"start":{"line":11,"column":0},"end":{"line":11,"column":21}},"11":{"start":{"line":12,"column":0},"end":{"line":12,"column":2}}},"s":{"2":0,"3":0,"4":0,"5":0,"7":0,"8":0,"9":0,"10":0,"11":0},"branchMap":{"0":{"type":"branch","line":1,"loc":{"start":{"line":1,"column":243},"end":{"line":12,"column":-193}},"locations":[{"start":{"line":1,"column":243},"end":{"line":12,"column":-193}}]}},"b":{"0":[1]},"fnMap":{"0":{"name":"(empty-report)","decl":{"start":{"line":1,"column":243},"end":{"line":12,"column":-193}},"loc":{"start":{"line":1,"column":243},"end":{"line":12,"column":-193}},"line":1}},"f":{"0":1}}
,"/home/nguyen-v/2024-apr-std/PlateTonic/client/src/components/footer.jsx": {"path":"/home/nguyen-v/2024-apr-std/PlateTonic/client/src/components/footer.jsx","all":false,"statementMap":{"0":{"start":{"line":1,"column":0},"end":{"line":1,"column":26}},"1":{"start":{"line":2,"column":0},"end":{"line":2,"column":68}},"2":{"start":{"line":3,"column":0},"end":{"line":3,"column":40}},"3":{"start":{"line":4,"column":0},"end":{"line":4,"column":31}},"5":{"start":{"line":6,"column":0},"end":{"line":6,"column":22}},"6":{"start":{"line":7,"column":0},"end":{"line":7,"column":10}},"7":{"start":{"line":8,"column":0},"end":{"line":8,"column":31}},"8":{"start":{"line":9,"column":0},"end":{"line":9,"column":38}},"9":{"start":{"line":10,"column":0},"end":{"line":10,"column":38}},"10":{"start":{"line":11,"column":0},"end":{"line":11,"column":40}},"11":{"start":{"line":12,"column":0},"end":{"line":12,"column":68}},"12":{"start":{"line":13,"column":0},"end":{"line":13,"column":44}},"13":{"start":{"line":14,"column":0},"end":{"line":14,"column":14}},"16":{"start":{"line":17,"column":0},"end":{"line":17,"column":39}},"17":{"start":{"line":18,"column":0},"end":{"line":18,"column":83}},"18":{"start":{"line":19,"column":0},"end":{"line":19,"column":26}},"19":{"start":{"line":20,"column":0},"end":{"line":20,"column":14}},"20":{"start":{"line":21,"column":0},"end":{"line":21,"column":82}},"21":{"start":{"line":22,"column":0},"end":{"line":22,"column":25}},"22":{"start":{"line":23,"column":0},"end":{"line":23,"column":14}},"23":{"start":{"line":24,"column":0},"end":{"line":24,"column":84}},"24":{"start":{"line":25,"column":0},"end":{"line":25,"column":27}},"25":{"start":{"line":26,"column":0},"end":{"line":26,"column":14}},"26":{"start":{"line":27,"column":0},"end":{"line":27,"column":14}},"28":{"start":{"line":29,"column":0},"end":{"line":29,"column":82}},"29":{"start":{"line":30,"column":0},"end":{"line":30,"column":12}},"30":{"start":{"line":31,"column":0},"end":{"line":31,"column":13}},"32":{"start":{"line":33,"column":0},"end":{"line":33,"column":2}},"34":{"start":{"line":35,"column":0},"end":{"line":35,"column":22}}},"s":{"0":1,"1":1,"2":1,"3":1,"5":1,"6":8,"7":8,"8":8,"9":8,"10":8,"11":8,"12":8,"13":8,"16":8,"17":8,"18":8,"19":8,"20":8,"21":8,"22":8,"23":8,"24":8,"25":8,"26":8,"28":8,"29":8,"30":8,"32":8,"34":1},"branchMap":{"0":{"type":"branch","line":6,"loc":{"start":{"line":6,"column":15},"end":{"line":33,"column":2}},"locations":[{"start":{"line":6,"column":15},"end":{"line":33,"column":2}}]}},"b":{"0":[8]},"fnMap":{"0":{"name":"Footer","decl":{"start":{"line":6,"column":15},"end":{"line":33,"column":2}},"loc":{"start":{"line":6,"column":15},"end":{"line":33,"column":2}},"line":6}},"f":{"0":8}}
,"/home/nguyen-v/2024-apr-std/PlateTonic/client/src/components/navbar.jsx": {"path":"/home/nguyen-v/2024-apr-std/PlateTonic/client/src/components/navbar.jsx","all":false,"statementMap":{"0":{"start":{"line":1,"column":0},"end":{"line":1,"column":40}},"1":{"start":{"line":2,"column":0},"end":{"line":2,"column":57}},"2":{"start":{"line":3,"column":0},"end":{"line":3,"column":40}},"3":{"start":{"line":4,"column":0},"end":{"line":4,"column":30}},"5":{"start":{"line":6,"column":0},"end":{"line":6,"column":22}},"6":{"start":{"line":7,"column":0},"end":{"line":7,"column":50}},"8":{"start":{"line":9,"column":0},"end":{"line":9,"column":28}},"9":{"start":{"line":10,"column":0},"end":{"line":10,"column":33}},"10":{"start":{"line":11,"column":0},"end":{"line":11,"column":4}},"12":{"start":{"line":13,"column":0},"end":{"line":13,"column":10}},"13":{"start":{"line":14,"column":0},"end":{"line":14,"column":28}},"14":{"start":{"line":15,"column":0},"end":{"line":15,"column":37}},"16":{"start":{"line":17,"column":0},"end":{"line":17,"column":16}},"17":{"start":{"line":18,"column":0},"end":{"line":18,"column":36}},"18":{"start":{"line":19,"column":0},"end":{"line":19,"column":31}},"19":{"start":{"line":20,"column":0},"end":{"line":20,"column":45}},"21":{"start":{"line":22,"column":0},"end":{"line":22,"column":47}},"22":{"start":{"line":23,"column":0},"end":{"line":23,"column":17}},"25":{"start":{"line":26,"column":0},"end":{"line":26,"column":30}},"26":{"start":{"line":27,"column":0},"end":{"line":27,"column":58}},"27":{"start":{"line":28,"column":0},"end":{"line":28,"column":17}},"28":{"start":{"line":29,"column":0},"end":{"line":29,"column":141}},"29":{"start":{"line":30,"column":0},"end":{"line":30,"column":37}},"30":{"start":{"line":31,"column":0},"end":{"line":31,"column":14}},"31":{"start":{"line":32,"column":0},"end":{"line":32,"column":17}},"32":{"start":{"line":33,"column":0},"end":{"line":33,"column":14}},"35":{"start":{"line":36,"column":0},"end":{"line":36,"column":64}},"36":{"start":{"line":37,"column":0},"end":{"line":37,"column":126}},"37":{"start":{"line":38,"column":0},"end":{"line":38,"column":82}},"38":{"start":{"line":39,"column":0},"end":{"line":39,"column":84}},"39":{"start":{"line":40,"column":0},"end":{"line":40,"column":82}},"40":{"start":{"line":41,"column":0},"end":{"line":41,"column":88}},"41":{"start":{"line":42,"column":0},"end":{"line":42,"column":13}},"44":{"start":{"line":45,"column":0},"end":{"line":45,"column":36}},"45":{"start":{"line":46,"column":0},"end":{"line":46,"column":52}},"46":{"start":{"line":47,"column":0},"end":{"line":47,"column":22}},"47":{"start":{"line":48,"column":0},"end":{"line":48,"column":17}},"48":{"start":{"line":49,"column":0},"end":{"line":49,"column":14}},"49":{"start":{"line":50,"column":0},"end":{"line":50,"column":12}},"50":{"start":{"line":51,"column":0},"end":{"line":51,"column":10}},"52":{"start":{"line":53,"column":0},"end":{"line":53,"column":2}},"54":{"start":{"line":55,"column":0},"end":{"line":55,"column":22}}},"s":{"0":1,"1":1,"2":1,"3":1,"5":1,"6":11,"8":11,"9":2,"10":2,"12":11,"13":11,"14":11,"16":11,"17":11,"18":11,"19":11,"21":11,"22":11,"25":11,"26":11,"27":11,"28":11,"29":11,"30":11,"31":11,"32":11,"35":11,"36":11,"37":11,"38":11,"39":11,"40":11,"41":11,"44":11,"45":11,"46":11,"47":11,"48":11,"49":11,"50":11,"52":11,"54":1},"branchMap":{"0":{"type":"branch","line":6,"loc":{"start":{"line":6,"column":15},"end":{"line":53,"column":2}},"locations":[{"start":{"line":6,"column":15},"end":{"line":53,"column":2}}]},"1":{"type":"branch","line":22,"loc":{"start":{"line":22,"column":11},"end":{"line":22,"column":36}},"locations":[{"start":{"line":22,"column":11},"end":{"line":22,"column":36}}]},"2":{"type":"branch","line":22,"loc":{"start":{"line":22,"column":31},"end":{"line":22,"column":47}},"locations":[{"start":{"line":22,"column":31},"end":{"line":22,"column":47}}]},"3":{"type":"branch","line":36,"loc":{"start":{"line":36,"column":36},"end":{"line":36,"column":58}},"locations":[{"start":{"line":36,"column":36},"end":{"line":36,"column":58}}]},"4":{"type":"branch","line":36,"loc":{"start":{"line":36,"column":47},"end":{"line":36,"column":60}},"locations":[{"start":{"line":36,"column":47},"end":{"line":36,"column":60}}]},"5":{"type":"branch","line":9,"loc":{"start":{"line":9,"column":21},"end":{"line":11,"column":4}},"locations":[{"start":{"line":9,"column":21},"end":{"line":11,"column":4}}]},"6":{"type":"branch","line":10,"loc":{"start":{"line":10,"column":16},"end":{"line":10,"column":31}},"locations":[{"start":{"line":10,"column":16},"end":{"line":10,"column":31}}]},"7":{"type":"branch","line":38,"loc":{"start":{"line":38,"column":40},"end":{"line":38,"column":66}},"locations":[{"start":{"line":38,"column":40},"end":{"line":38,"column":66}}]}},"b":{"0":[11],"1":[1],"2":[10],"3":[1],"4":[10],"5":[2],"6":[2],"7":[1]},"fnMap":{"0":{"name":"Navbar","decl":{"start":{"line":6,"column":15},"end":{"line":53,"column":2}},"loc":{"start":{"line":6,"column":15},"end":{"line":53,"column":2}},"line":6},"1":{"name":"toggleMenu","decl":{"start":{"line":9,"column":21},"end":{"line":11,"column":4}},"loc":{"start":{"line":9,"column":21},"end":{"line":11,"column":4}},"line":9},"2":{"name":"onClick","decl":{"start":{"line":27,"column":32},"end":{"line":27,"column":58}},"loc":{"start":{"line":27,"column":32},"end":{"line":27,"column":58}},"line":27},"3":{"name":"onClick","decl":{"start":{"line":37,"column":46},"end":{"line":37,"column":72}},"loc":{"start":{"line":37,"column":46},"end":{"line":37,"column":72}},"line":37},"4":{"name":"onClick","decl":{"start":{"line":38,"column":40},"end":{"line":38,"column":66}},"loc":{"start":{"line":38,"column":40},"end":{"line":38,"column":66}},"line":38},"5":{"name":"onClick","decl":{"start":{"line":39,"column":41},"end":{"line":39,"column":67}},"loc":{"start":{"line":39,"column":41},"end":{"line":39,"column":67}},"line":39},"6":{"name":"onClick","decl":{"start":{"line":40,"column":40},"end":{"line":40,"column":66}},"loc":{"start":{"line":40,"column":40},"end":{"line":40,"column":66}},"line":40},"7":{"name":"onClick","decl":{"start":{"line":41,"column":43},"end":{"line":41,"column":69}},"loc":{"start":{"line":41,"column":43},"end":{"line":41,"column":69}},"line":41}},"f":{"0":11,"1":2,"2":0,"3":0,"4":1,"5":0,"6":0,"7":0}}
,"/home/nguyen-v/2024-apr-std/PlateTonic/client/src/contexts/UserAuthContext.jsx": {"path":"/home/nguyen-v/2024-apr-std/PlateTonic/client/src/contexts/UserAuthContext.jsx","all":false,"statementMap":{"0":{"start":{"line":1,"column":0},"end":{"line":1,"column":71}},"3":{"start":{"line":4,"column":0},"end":{"line":4,"column":42}},"6":{"start":{"line":7,"column":0},"end":{"line":7,"column":55}},"8":{"start":{"line":9,"column":0},"end":{"line":9,"column":46}},"9":{"start":{"line":10,"column":0},"end":{"line":10,"column":55}},"10":{"start":{"line":11,"column":0},"end":{"line":11,"column":7}},"13":{"start":{"line":14,"column":0},"end":{"line":14,"column":21}},"14":{"start":{"line":15,"column":0},"end":{"line":15,"column":20}},"15":{"start":{"line":16,"column":0},"end":{"line":16,"column":53}},"16":{"start":{"line":17,"column":0},"end":{"line":17,"column":9}},"17":{"start":{"line":18,"column":0},"end":{"line":18,"column":16}},"20":{"start":{"line":21,"column":0},"end":{"line":21,"column":26}},"21":{"start":{"line":22,"column":0},"end":{"line":22,"column":21}},"22":{"start":{"line":23,"column":0},"end":{"line":23,"column":45}},"23":{"start":{"line":24,"column":0},"end":{"line":24,"column":6}},"25":{"start":{"line":26,"column":0},"end":{"line":26,"column":12}},"26":{"start":{"line":27,"column":0},"end":{"line":27,"column":70}},"27":{"start":{"line":28,"column":0},"end":{"line":28,"column":22}},"28":{"start":{"line":29,"column":0},"end":{"line":29,"column":35}},"30":{"start":{"line":31,"column":0},"end":{"line":31,"column":1}},"33":{"start":{"line":34,"column":0},"end":{"line":34,"column":38}},"34":{"start":{"line":35,"column":0},"end":{"line":35,"column":39}},"35":{"start":{"line":36,"column":0},"end":{"line":36,"column":1}}},"s":{"0":1,"3":1,"6":1,"8":13,"9":11,"10":13,"13":13,"14":13,"15":3,"16":3,"17":13,"20":13,"21":1,"22":1,"23":1,"25":13,"26":13,"27":13,"28":13,"30":13,"33":1,"34":5,"35":5},"branchMap":{"0":{"type":"branch","line":7,"loc":{"start":{"line":7,"column":7},"end":{"line":31,"column":1}},"locations":[{"start":{"line":7,"column":7},"end":{"line":31,"column":1}}]},"1":{"type":"branch","line":9,"loc":{"start":{"line":9,"column":39},"end":{"line":11,"column":5}},"locations":[{"start":{"line":9,"column":39},"end":{"line":11,"column":5}}]},"2":{"type":"branch","line":10,"loc":{"start":{"line":10,"column":47},"end":{"line":10,"column":55}},"locations":[{"start":{"line":10,"column":47},"end":{"line":10,"column":55}}]},"3":{"type":"branch","line":14,"loc":{"start":{"line":14,"column":14},"end":{"line":18,"column":7}},"locations":[{"start":{"line":14,"column":14},"end":{"line":18,"column":7}}]},"4":{"type":"branch","line":15,"loc":{"start":{"line":15,"column":19},"end":{"line":17,"column":9}},"locations":[{"start":{"line":15,"column":19},"end":{"line":17,"column":9}}]},"5":{"type":"branch","line":21,"loc":{"start":{"line":21,"column":19},"end":{"line":24,"column":6}},"locations":[{"start":{"line":21,"column":19},"end":{"line":24,"column":6}}]},"6":{"type":"branch","line":34,"loc":{"start":{"line":34,"column":7},"end":{"line":36,"column":1}},"locations":[{"start":{"line":34,"column":7},"end":{"line":36,"column":1}}]}},"b":{"0":[13],"1":[11],"2":[9],"3":[13],"4":[3],"5":[1],"6":[5]},"fnMap":{"0":{"name":"UserAuthContextProvider","decl":{"start":{"line":7,"column":7},"end":{"line":31,"column":1}},"loc":{"start":{"line":7,"column":7},"end":{"line":31,"column":1}},"line":7},"1":{"name":"logout","decl":{"start":{"line":21,"column":19},"end":{"line":24,"column":6}},"loc":{"start":{"line":21,"column":19},"end":{"line":24,"column":6}},"line":21},"2":{"name":"useUserAuthContext","decl":{"start":{"line":34,"column":7},"end":{"line":36,"column":1}},"loc":{"start":{"line":34,"column":7},"end":{"line":36,"column":1}},"line":34}},"f":{"0":13,"1":1,"2":5}}
,"/home/nguyen-v/2024-apr-std/PlateTonic/client/src/pages/about.jsx": {"path":"/home/nguyen-v/2024-apr-std/PlateTonic/client/src/pages/about.jsx","all":false,"statementMap":{"0":{"start":{"line":1,"column":0},"end":{"line":1,"column":26}},"1":{"start":{"line":2,"column":0},"end":{"line":2,"column":29}},"4":{"start":{"line":5,"column":0},"end":{"line":5,"column":62}},"5":{"start":{"line":6,"column":0},"end":{"line":6,"column":108}},"6":{"start":{"line":7,"column":0},"end":{"line":7,"column":76}},"7":{"start":{"line":8,"column":0},"end":{"line":8,"column":65}},"10":{"start":{"line":11,"column":0},"end":{"line":11,"column":21}},"11":{"start":{"line":12,"column":0},"end":{"line":12,"column":10}},"12":{"start":{"line":13,"column":0},"end":{"line":13,"column":32}},"13":{"start":{"line":14,"column":0},"end":{"line":14,"column":59}},"16":{"start":{"line":17,"column":0},"end":{"line":17,"column":41}},"17":{"start":{"line":18,"column":0},"end":{"line":18,"column":37}},"18":{"start":{"line":19,"column":0},"end":{"line":19,"column":48}},"19":{"start":{"line":20,"column":0},"end":{"line":20,"column":14}},"20":{"start":{"line":21,"column":0},"end":{"line":21,"column":36}},"21":{"start":{"line":22,"column":0},"end":{"line":22,"column":30}},"22":{"start":{"line":23,"column":0},"end":{"line":23,"column":124}},"23":{"start":{"line":24,"column":0},"end":{"line":24,"column":14}},"24":{"start":{"line":25,"column":0},"end":{"line":25,"column":16}},"27":{"start":{"line":28,"column":0},"end":{"line":28,"column":41}},"28":{"start":{"line":29,"column":0},"end":{"line":29,"column":36}},"29":{"start":{"line":30,"column":0},"end":{"line":30,"column":30}},"30":{"start":{"line":31,"column":0},"end":{"line":31,"column":126}},"31":{"start":{"line":32,"column":0},"end":{"line":32,"column":14}},"32":{"start":{"line":33,"column":0},"end":{"line":33,"column":37}},"33":{"start":{"line":34,"column":0},"end":{"line":34,"column":48}},"34":{"start":{"line":35,"column":0},"end":{"line":35,"column":14}},"35":{"start":{"line":36,"column":0},"end":{"line":36,"column":16}},"38":{"start":{"line":39,"column":0},"end":{"line":39,"column":41}},"39":{"start":{"line":40,"column":0},"end":{"line":40,"column":37}},"40":{"start":{"line":41,"column":0},"end":{"line":41,"column":47}},"41":{"start":{"line":42,"column":0},"end":{"line":42,"column":14}},"42":{"start":{"line":43,"column":0},"end":{"line":43,"column":36}},"43":{"start":{"line":44,"column":0},"end":{"line":44,"column":29}},"44":{"start":{"line":45,"column":0},"end":{"line":45,"column":145}},"45":{"start":{"line":46,"column":0},"end":{"line":46,"column":14}},"46":{"start":{"line":47,"column":0},"end":{"line":47,"column":16}},"49":{"start":{"line":50,"column":0},"end":{"line":50,"column":41}},"50":{"start":{"line":51,"column":0},"end":{"line":51,"column":36}},"51":{"start":{"line":52,"column":0},"end":{"line":52,"column":28}},"52":{"start":{"line":53,"column":0},"end":{"line":53,"column":155}},"53":{"start":{"line":54,"column":0},"end":{"line":54,"column":14}},"54":{"start":{"line":55,"column":0},"end":{"line":55,"column":37}},"55":{"start":{"line":56,"column":0},"end":{"line":56,"column":46}},"56":{"start":{"line":57,"column":0},"end":{"line":57,"column":14}},"57":{"start":{"line":58,"column":0},"end":{"line":58,"column":16}},"59":{"start":{"line":60,"column":0},"end":{"line":60,"column":10}},"61":{"start":{"line":62,"column":0},"end":{"line":62,"column":2}},"63":{"start":{"line":64,"column":0},"end":{"line":64,"column":21}}},"s":{"0":1,"1":1,"4":1,"5":1,"6":1,"7":1,"10":1,"11":2,"12":2,"13":2,"16":2,"17":2,"18":2,"19":2,"20":2,"21":2,"22":2,"23":2,"24":2,"27":2,"28":2,"29":2,"30":2,"31":2,"32":2,"33":2,"34":2,"35":2,"38":2,"39":2,"40":2,"41":2,"42":2,"43":2,"44":2,"45":2,"46":2,"49":2,"50":2,"51":2,"52":2,"53":2,"54":2,"55":2,"56":2,"57":2,"59":2,"61":2,"63":1},"branchMap":{"0":{"type":"branch","line":11,"loc":{"start":{"line":11,"column":14},"end":{"line":62,"column":2}},"locations":[{"start":{"line":11,"column":14},"end":{"line":62,"column":2}}]}},"b":{"0":[2]},"fnMap":{"0":{"name":"About","decl":{"start":{"line":11,"column":14},"end":{"line":62,"column":2}},"loc":{"start":{"line":11,"column":14},"end":{"line":62,"column":2}},"line":11}},"f":{"0":2}}
,"/home/nguyen-v/2024-apr-std/PlateTonic/client/src/pages/addnewblog.jsx": {"path":"/home/nguyen-v/2024-apr-std/PlateTonic/client/src/pages/addnewblog.jsx","all":false,"statementMap":{"0":{"start":{"line":1,"column":0},"end":{"line":1,"column":51}},"1":{"start":{"line":2,"column":0},"end":{"line":2,"column":47}},"2":{"start":{"line":3,"column":0},"end":{"line":3,"column":39}},"3":{"start":{"line":4,"column":0},"end":{"line":4,"column":26}},"4":{"start":{"line":5,"column":0},"end":{"line":5,"column":34}},"6":{"start":{"line":7,"column":0},"end":{"line":7,"column":26}},"8":{"start":{"line":9,"column":0},"end":{"line":9,"column":35}},"9":{"start":{"line":10,"column":0},"end":{"line":10,"column":50}},"12":{"start":{"line":13,"column":0},"end":{"line":13,"column":46}},"13":{"start":{"line":14,"column":0},"end":{"line":14,"column":18}},"14":{"start":{"line":15,"column":0},"end":{"line":15,"column":19}},"15":{"start":{"line":16,"column":0},"end":{"line":16,"column":20}},"16":{"start":{"line":17,"column":0},"end":{"line":17,"column":17}},"17":{"start":{"line":18,"column":0},"end":{"line":18,"column":7}},"20":{"start":{"line":21,"column":0},"end":{"line":21,"column":47}},"21":{"start":{"line":22,"column":0},"end":{"line":22,"column":43}},"24":{"start":{"line":25,"column":0},"end":{"line":25,"column":37}},"25":{"start":{"line":26,"column":0},"end":{"line":26,"column":44}},"26":{"start":{"line":27,"column":0},"end":{"line":27,"column":86}},"27":{"start":{"line":28,"column":0},"end":{"line":28,"column":26}},"28":{"start":{"line":29,"column":0},"end":{"line":29,"column":74}},"29":{"start":{"line":30,"column":0},"end":{"line":30,"column":20}},"30":{"start":{"line":31,"column":0},"end":{"line":31,"column":95}},"31":{"start":{"line":32,"column":0},"end":{"line":32,"column":13}},"32":{"start":{"line":33,"column":0},"end":{"line":33,"column":11}},"33":{"start":{"line":34,"column":0},"end":{"line":34,"column":6}},"36":{"start":{"line":37,"column":0},"end":{"line":37,"column":21}},"37":{"start":{"line":38,"column":0},"end":{"line":38,"column":56}},"38":{"start":{"line":39,"column":0},"end":{"line":39,"column":20}},"39":{"start":{"line":40,"column":0},"end":{"line":40,"column":50}},"40":{"start":{"line":41,"column":0},"end":{"line":41,"column":45}},"41":{"start":{"line":42,"column":0},"end":{"line":42,"column":9}},"42":{"start":{"line":43,"column":0},"end":{"line":43,"column":11}},"45":{"start":{"line":46,"column":0},"end":{"line":46,"column":33}},"46":{"start":{"line":47,"column":0},"end":{"line":47,"column":70}},"47":{"start":{"line":48,"column":0},"end":{"line":48,"column":6}},"50":{"start":{"line":51,"column":0},"end":{"line":51,"column":39}},"51":{"start":{"line":52,"column":0},"end":{"line":52,"column":27}},"53":{"start":{"line":54,"column":0},"end":{"line":54,"column":13}},"55":{"start":{"line":56,"column":0},"end":{"line":56,"column":60}},"56":{"start":{"line":57,"column":0},"end":{"line":57,"column":29}},"58":{"start":{"line":59,"column":0},"end":{"line":59,"column":99}},"59":{"start":{"line":60,"column":0},"end":{"line":60,"column":66}},"60":{"start":{"line":61,"column":0},"end":{"line":61,"column":14}},"63":{"start":{"line":64,"column":0},"end":{"line":64,"column":58}},"65":{"start":{"line":66,"column":0},"end":{"line":66,"column":25}},"66":{"start":{"line":67,"column":0},"end":{"line":67,"column":26}},"67":{"start":{"line":68,"column":0},"end":{"line":68,"column":27}},"68":{"start":{"line":69,"column":0},"end":{"line":69,"column":28}},"69":{"start":{"line":70,"column":0},"end":{"line":70,"column":24}},"70":{"start":{"line":71,"column":0},"end":{"line":71,"column":15}},"73":{"start":{"line":74,"column":0},"end":{"line":74,"column":54}},"74":{"start":{"line":75,"column":0},"end":{"line":75,"column":23}},"75":{"start":{"line":76,"column":0},"end":{"line":76,"column":101}},"76":{"start":{"line":77,"column":0},"end":{"line":77,"column":46}},"77":{"start":{"line":78,"column":0},"end":{"line":78,"column":9}},"78":{"start":{"line":79,"column":0},"end":{"line":79,"column":6}},"81":{"start":{"line":82,"column":0},"end":{"line":82,"column":47}},"84":{"start":{"line":85,"column":0},"end":{"line":85,"column":12}},"85":{"start":{"line":86,"column":0},"end":{"line":86,"column":39}},"87":{"start":{"line":88,"column":0},"end":{"line":88,"column":38}},"88":{"start":{"line":89,"column":0},"end":{"line":89,"column":68}},"90":{"start":{"line":91,"column":0},"end":{"line":91,"column":53}},"91":{"start":{"line":92,"column":0},"end":{"line":92,"column":22}},"92":{"start":{"line":93,"column":0},"end":{"line":93,"column":30}},"93":{"start":{"line":94,"column":0},"end":{"line":94,"column":31}},"94":{"start":{"line":95,"column":0},"end":{"line":95,"column":32}},"95":{"start":{"line":96,"column":0},"end":{"line":96,"column":42}},"96":{"start":{"line":97,"column":0},"end":{"line":97,"column":43}},"97":{"start":{"line":98,"column":0},"end":{"line":98,"column":28}},"98":{"start":{"line":99,"column":0},"end":{"line":99,"column":18}},"100":{"start":{"line":101,"column":0},"end":{"line":101,"column":55}},"101":{"start":{"line":102,"column":0},"end":{"line":102,"column":22}},"102":{"start":{"line":103,"column":0},"end":{"line":103,"column":31}},"103":{"start":{"line":104,"column":0},"end":{"line":104,"column":31}},"104":{"start":{"line":105,"column":0},"end":{"line":105,"column":33}},"105":{"start":{"line":106,"column":0},"end":{"line":106,"column":43}},"106":{"start":{"line":107,"column":0},"end":{"line":107,"column":43}},"107":{"start":{"line":108,"column":0},"end":{"line":108,"column":28}},"108":{"start":{"line":109,"column":0},"end":{"line":109,"column":18}},"110":{"start":{"line":111,"column":0},"end":{"line":111,"column":57}},"111":{"start":{"line":112,"column":0},"end":{"line":112,"column":25}},"112":{"start":{"line":113,"column":0},"end":{"line":113,"column":32}},"113":{"start":{"line":114,"column":0},"end":{"line":114,"column":34}},"114":{"start":{"line":115,"column":0},"end":{"line":115,"column":44}},"115":{"start":{"line":116,"column":0},"end":{"line":116,"column":43}},"116":{"start":{"line":117,"column":0},"end":{"line":117,"column":28}},"117":{"start":{"line":118,"column":0},"end":{"line":118,"column":28}},"120":{"start":{"line":121,"column":0},"end":{"line":121,"column":43}},"122":{"start":{"line":123,"column":0},"end":{"line":123,"column":27}},"123":{"start":{"line":124,"column":0},"end":{"line":124,"column":30}},"124":{"start":{"line":125,"column":0},"end":{"line":125,"column":43}},"125":{"start":{"line":126,"column":0},"end":{"line":126,"column":45}},"126":{"start":{"line":127,"column":0},"end":{"line":127,"column":55}},"127":{"start":{"line":128,"column":0},"end":{"line":128,"column":86}},"128":{"start":{"line":129,"column":0},"end":{"line":129,"column":28}},"130":{"start":{"line":131,"column":0},"end":{"line":131,"column":27}},"131":{"start":{"line":132,"column":0},"end":{"line":132,"column":30}},"132":{"start":{"line":133,"column":0},"end":{"line":133,"column":43}},"133":{"start":{"line":134,"column":0},"end":{"line":134,"column":45}},"134":{"start":{"line":135,"column":0},"end":{"line":135,"column":55}},"135":{"start":{"line":136,"column":0},"end":{"line":136,"column":86}},"136":{"start":{"line":137,"column":0},"end":{"line":137,"column":28}},"138":{"start":{"line":139,"column":0},"end":{"line":139,"column":27}},"139":{"start":{"line":140,"column":0},"end":{"line":140,"column":30}},"140":{"start":{"line":141,"column":0},"end":{"line":141,"column":43}},"141":{"start":{"line":142,"column":0},"end":{"line":142,"column":43}},"142":{"start":{"line":143,"column":0},"end":{"line":143,"column":55}},"143":{"start":{"line":144,"column":0},"end":{"line":144,"column":82}},"144":{"start":{"line":145,"column":0},"end":{"line":145,"column":28}},"146":{"start":{"line":147,"column":0},"end":{"line":147,"column":27}},"147":{"start":{"line":148,"column":0},"end":{"line":148,"column":30}},"148":{"start":{"line":149,"column":0},"end":{"line":149,"column":43}},"149":{"start":{"line":150,"column":0},"end":{"line":150,"column":50}},"150":{"start":{"line":151,"column":0},"end":{"line":151,"column":55}},"151":{"start":{"line":152,"column":0},"end":{"line":152,"column":96}},"152":{"start":{"line":153,"column":0},"end":{"line":153,"column":28}},"154":{"start":{"line":155,"column":0},"end":{"line":155,"column":27}},"155":{"start":{"line":156,"column":0},"end":{"line":156,"column":30}},"156":{"start":{"line":157,"column":0},"end":{"line":157,"column":43}},"157":{"start":{"line":158,"column":0},"end":{"line":158,"column":53}},"158":{"start":{"line":159,"column":0},"end":{"line":159,"column":55}},"159":{"start":{"line":160,"column":0},"end":{"line":160,"column":102}},"160":{"start":{"line":161,"column":0},"end":{"line":161,"column":28}},"162":{"start":{"line":163,"column":0},"end":{"line":163,"column":27}},"163":{"start":{"line":164,"column":0},"end":{"line":164,"column":30}},"164":{"start":{"line":165,"column":0},"end":{"line":165,"column":43}},"165":{"start":{"line":166,"column":0},"end":{"line":166,"column":47}},"166":{"start":{"line":167,"column":0},"end":{"line":167,"column":55}},"167":{"start":{"line":168,"column":0},"end":{"line":168,"column":90}},"168":{"start":{"line":169,"column":0},"end":{"line":169,"column":28}},"170":{"start":{"line":171,"column":0},"end":{"line":171,"column":22}},"173":{"start":{"line":174,"column":0},"end":{"line":174,"column":23}},"174":{"start":{"line":175,"column":0},"end":{"line":175,"column":50}},"175":{"start":{"line":176,"column":0},"end":{"line":176,"column":25}},"179":{"start":{"line":180,"column":0},"end":{"line":180,"column":23}},"180":{"start":{"line":181,"column":0},"end":{"line":181,"column":40}},"181":{"start":{"line":182,"column":0},"end":{"line":182,"column":68}},"182":{"start":{"line":183,"column":0},"end":{"line":183,"column":25}},"184":{"start":{"line":185,"column":0},"end":{"line":185,"column":19}},"186":{"start":{"line":187,"column":0},"end":{"line":187,"column":69}},"187":{"start":{"line":188,"column":0},"end":{"line":188,"column":63}},"188":{"start":{"line":189,"column":0},"end":{"line":189,"column":14}},"190":{"start":{"line":191,"column":0},"end":{"line":191,"column":2}},"192":{"start":{"line":193,"column":0},"end":{"line":193,"column":26}}},"s":{"0":1,"1":1,"2":1,"3":1,"4":1,"6":1,"8":9,"9":9,"12":9,"13":9,"14":9,"15":9,"16":9,"17":9,"20":9,"21":9,"24":9,"25":1,"26":1,"27":1,"28":1,"29":1,"30":0,"31":0,"32":1,"33":1,"36":9,"37":2,"38":2,"39":2,"40":2,"41":2,"42":9,"45":9,"46":3,"47":3,"50":9,"51":1,"53":1,"55":1,"56":1,"58":1,"59":1,"60":1,"63":1,"65":1,"66":1,"67":1,"68":1,"69":1,"70":1,"73":1,"74":1,"75":0,"76":0,"77":0,"78":1,"81":9,"84":7,"85":7,"87":7,"88":7,"90":7,"91":7,"92":7,"93":7,"94":7,"95":7,"96":7,"97":7,"98":7,"100":7,"101":7,"102":7,"103":7,"104":7,"105":7,"106":7,"107":7,"108":7,"110":7,"111":7,"112":7,"113":7,"114":7,"115":7,"116":7,"117":7,"120":7,"122":7,"123":7,"124":7,"125":7,"126":7,"127":7,"128":7,"130":7,"131":7,"132":7,"133":7,"134":7,"135":7,"136":7,"138":7,"139":7,"140":7,"141":7,"142":7,"143":7,"144":7,"146":7,"147":7,"148":7,"149":7,"150":7,"151":7,"152":7,"154":7,"155":7,"156":7,"157":7,"158":7,"159":7,"160":7,"162":7,"163":7,"164":7,"165":7,"166":7,"167":7,"168":7,"170":7,"173":7,"174":7,"175":7,"179":7,"180":7,"181":7,"182":7,"184":7,"186":9,"187":9,"188":9,"190":9,"192":1},"branchMap":{"0":{"type":"branch","line":7,"loc":{"start":{"line":7,"column":19},"end":{"line":191,"column":2}},"locations":[{"start":{"line":7,"column":19},"end":{"line":191,"column":2}}]},"1":{"type":"branch","line":82,"loc":{"start":{"line":82,"column":18},"end":{"line":82,"column":47}},"locations":[{"start":{"line":82,"column":18},"end":{"line":82,"column":47}}]},"2":{"type":"branch","line":82,"loc":{"start":{"line":82,"column":42},"end":{"line":187,"column":24}},"locations":[{"start":{"line":82,"column":42},"end":{"line":187,"column":24}}]},"3":{"type":"branch","line":187,"loc":{"start":{"line":187,"column":13},"end":{"line":187,"column":69}},"locations":[{"start":{"line":187,"column":13},"end":{"line":187,"column":69}}]},"4":{"type":"branch","line":188,"loc":{"start":{"line":188,"column":13},"end":{"line":188,"column":63}},"locations":[{"start":{"line":188,"column":13},"end":{"line":188,"column":63}}]},"5":{"type":"branch","line":25,"loc":{"start":{"line":25,"column":29},"end":{"line":34,"column":6}},"locations":[{"start":{"line":25,"column":29},"end":{"line":34,"column":6}}]},"6":{"type":"branch","line":27,"loc":{"start":{"line":27,"column":20},"end":{"line":33,"column":9}},"locations":[{"start":{"line":27,"column":20},"end":{"line":33,"column":9}}]},"7":{"type":"branch","line":30,"loc":{"start":{"line":30,"column":12},"end":{"line":32,"column":13}},"locations":[{"start":{"line":30,"column":12},"end":{"line":32,"column":13}}]},"8":{"type":"branch","line":37,"loc":{"start":{"line":37,"column":14},"end":{"line":43,"column":7}},"locations":[{"start":{"line":37,"column":14},"end":{"line":43,"column":7}}]},"9":{"type":"branch","line":46,"loc":{"start":{"line":46,"column":25},"end":{"line":48,"column":6}},"locations":[{"start":{"line":46,"column":25},"end":{"line":48,"column":6}}]},"10":{"type":"branch","line":51,"loc":{"start":{"line":51,"column":25},"end":{"line":79,"column":6}},"locations":[{"start":{"line":51,"column":25},"end":{"line":79,"column":6}}]},"11":{"type":"branch","line":75,"loc":{"start":{"line":75,"column":8},"end":{"line":78,"column":9}},"locations":[{"start":{"line":75,"column":8},"end":{"line":78,"column":9}}]}},"b":{"0":[9],"1":[2],"2":[7],"3":[0],"4":[0],"5":[1],"6":[1],"7":[0],"8":[2],"9":[3],"10":[1],"11":[0]},"fnMap":{"0":{"name":"AddNewBlog","decl":{"start":{"line":7,"column":19},"end":{"line":191,"column":2}},"loc":{"start":{"line":7,"column":19},"end":{"line":191,"column":2}},"line":7},"1":{"name":"handleTagsChange","decl":{"start":{"line":25,"column":29},"end":{"line":34,"column":6}},"loc":{"start":{"line":25,"column":29},"end":{"line":34,"column":6}},"line":25},"2":{"name":"handleChange","decl":{"start":{"line":46,"column":25},"end":{"line":48,"column":6}},"loc":{"start":{"line":46,"column":25},"end":{"line":48,"column":6}},"line":46},"3":{"name":"handleSubmit","decl":{"start":{"line":51,"column":25},"end":{"line":79,"column":6}},"loc":{"start":{"line":51,"column":25},"end":{"line":79,"column":6}},"line":51},"4":{"name":"onClick","decl":{"start":{"line":182,"column":29},"end":{"line":182,"column":54}},"loc":{"start":{"line":182,"column":29},"end":{"line":182,"column":54}},"line":182}},"f":{"0":9,"1":1,"2":3,"3":1,"4":0}}
,"/home/nguyen-v/2024-apr-std/PlateTonic/client/src/pages/addnewmeal.jsx": {"path":"/home/nguyen-v/2024-apr-std/PlateTonic/client/src/pages/addnewmeal.jsx","all":false,"statementMap":{"0":{"start":{"line":1,"column":0},"end":{"line":1,"column":40}},"1":{"start":{"line":2,"column":0},"end":{"line":2,"column":47}},"2":{"start":{"line":3,"column":0},"end":{"line":3,"column":26}},"3":{"start":{"line":4,"column":0},"end":{"line":4,"column":34}},"5":{"start":{"line":6,"column":0},"end":{"line":6,"column":23}},"7":{"start":{"line":8,"column":0},"end":{"line":8,"column":46}},"8":{"start":{"line":9,"column":0},"end":{"line":9,"column":17}},"9":{"start":{"line":10,"column":0},"end":{"line":10,"column":24}},"10":{"start":{"line":11,"column":0},"end":{"line":11,"column":22}},"11":{"start":{"line":12,"column":0},"end":{"line":12,"column":24}},"12":{"start":{"line":13,"column":0},"end":{"line":13,"column":21}},"13":{"start":{"line":14,"column":0},"end":{"line":14,"column":20}},"14":{"start":{"line":15,"column":0},"end":{"line":15,"column":16}},"15":{"start":{"line":16,"column":0},"end":{"line":16,"column":18}},"16":{"start":{"line":17,"column":0},"end":{"line":17,"column":22}},"18":{"start":{"line":19,"column":0},"end":{"line":19,"column":7}},"21":{"start":{"line":22,"column":0},"end":{"line":22,"column":45}},"24":{"start":{"line":25,"column":0},"end":{"line":25,"column":35}},"27":{"start":{"line":28,"column":0},"end":{"line":28,"column":43}},"28":{"start":{"line":29,"column":0},"end":{"line":29,"column":44}},"29":{"start":{"line":30,"column":0},"end":{"line":30,"column":36}},"30":{"start":{"line":31,"column":0},"end":{"line":31,"column":78}},"31":{"start":{"line":32,"column":0},"end":{"line":32,"column":86}},"32":{"start":{"line":33,"column":0},"end":{"line":33,"column":79}},"33":{"start":{"line":34,"column":0},"end":{"line":34,"column":107}},"34":{"start":{"line":35,"column":0},"end":{"line":35,"column":13}},"35":{"start":{"line":36,"column":0},"end":{"line":36,"column":11}},"36":{"start":{"line":37,"column":0},"end":{"line":37,"column":6}},"39":{"start":{"line":40,"column":0},"end":{"line":40,"column":33}},"41":{"start":{"line":42,"column":0},"end":{"line":42,"column":70}},"42":{"start":{"line":43,"column":0},"end":{"line":43,"column":6}},"45":{"start":{"line":46,"column":0},"end":{"line":46,"column":38}},"46":{"start":{"line":47,"column":0},"end":{"line":47,"column":36}},"47":{"start":{"line":48,"column":0},"end":{"line":48,"column":6}},"50":{"start":{"line":51,"column":0},"end":{"line":51,"column":39}},"51":{"start":{"line":52,"column":0},"end":{"line":52,"column":71}},"54":{"start":{"line":55,"column":0},"end":{"line":55,"column":56}},"55":{"start":{"line":56,"column":0},"end":{"line":56,"column":21}},"56":{"start":{"line":57,"column":0},"end":{"line":57,"column":50}},"57":{"start":{"line":58,"column":0},"end":{"line":58,"column":31}},"58":{"start":{"line":59,"column":0},"end":{"line":59,"column":19}},"59":{"start":{"line":60,"column":0},"end":{"line":60,"column":9}},"63":{"start":{"line":64,"column":0},"end":{"line":64,"column":12}},"64":{"start":{"line":65,"column":0},"end":{"line":65,"column":29}},"65":{"start":{"line":66,"column":0},"end":{"line":66,"column":36}},"66":{"start":{"line":67,"column":0},"end":{"line":67,"column":36}},"67":{"start":{"line":68,"column":0},"end":{"line":68,"column":35}},"68":{"start":{"line":69,"column":0},"end":{"line":69,"column":33}},"69":{"start":{"line":70,"column":0},"end":{"line":70,"column":32}},"70":{"start":{"line":71,"column":0},"end":{"line":71,"column":28}},"71":{"start":{"line":72,"column":0},"end":{"line":72,"column":30}},"73":{"start":{"line":74,"column":0},"end":{"line":74,"column":84}},"74":{"start":{"line":75,"column":0},"end":{"line":75,"column":19}},"75":{"start":{"line":76,"column":0},"end":{"line":76,"column":9}},"77":{"start":{"line":78,"column":0},"end":{"line":78,"column":40}},"78":{"start":{"line":79,"column":0},"end":{"line":79,"column":47}},"79":{"start":{"line":80,"column":0},"end":{"line":80,"column":61}},"80":{"start":{"line":81,"column":0},"end":{"line":81,"column":61}},"81":{"start":{"line":82,"column":0},"end":{"line":82,"column":55}},"82":{"start":{"line":83,"column":0},"end":{"line":83,"column":53}},"83":{"start":{"line":84,"column":0},"end":{"line":84,"column":45}},"84":{"start":{"line":85,"column":0},"end":{"line":85,"column":49}},"85":{"start":{"line":86,"column":0},"end":{"line":86,"column":82}},"86":{"start":{"line":87,"column":0},"end":{"line":87,"column":65}},"88":{"start":{"line":89,"column":0},"end":{"line":89,"column":13}},"89":{"start":{"line":90,"column":0},"end":{"line":90,"column":90}},"90":{"start":{"line":91,"column":0},"end":{"line":91,"column":26}},"91":{"start":{"line":92,"column":0},"end":{"line":92,"column":53}},"92":{"start":{"line":93,"column":0},"end":{"line":93,"column":57}},"93":{"start":{"line":94,"column":0},"end":{"line":94,"column":17}},"95":{"start":{"line":96,"column":0},"end":{"line":96,"column":15}},"96":{"start":{"line":97,"column":0},"end":{"line":97,"column":46}},"97":{"start":{"line":98,"column":0},"end":{"line":98,"column":55}},"98":{"start":{"line":99,"column":0},"end":{"line":99,"column":23}},"99":{"start":{"line":100,"column":0},"end":{"line":100,"column":53}},"100":{"start":{"line":101,"column":0},"end":{"line":101,"column":65}},"101":{"start":{"line":102,"column":0},"end":{"line":102,"column":9}},"102":{"start":{"line":103,"column":0},"end":{"line":103,"column":6}},"105":{"start":{"line":106,"column":0},"end":{"line":106,"column":12}},"107":{"start":{"line":108,"column":0},"end":{"line":108,"column":39}},"108":{"start":{"line":109,"column":0},"end":{"line":109,"column":33}},"109":{"start":{"line":110,"column":0},"end":{"line":110,"column":80}},"113":{"start":{"line":114,"column":0},"end":{"line":114,"column":22}},"114":{"start":{"line":115,"column":0},"end":{"line":115,"column":31}},"115":{"start":{"line":116,"column":0},"end":{"line":116,"column":31}},"116":{"start":{"line":117,"column":0},"end":{"line":117,"column":43}},"117":{"start":{"line":118,"column":0},"end":{"line":118,"column":41}},"118":{"start":{"line":119,"column":0},"end":{"line":119,"column":43}},"119":{"start":{"line":120,"column":0},"end":{"line":120,"column":31}},"121":{"start":{"line":122,"column":0},"end":{"line":122,"column":25}},"122":{"start":{"line":123,"column":0},"end":{"line":123,"column":38}},"123":{"start":{"line":124,"column":0},"end":{"line":124,"column":45}},"124":{"start":{"line":125,"column":0},"end":{"line":125,"column":48}},"125":{"start":{"line":126,"column":0},"end":{"line":126,"column":43}},"126":{"start":{"line":127,"column":0},"end":{"line":127,"column":31}},"128":{"start":{"line":129,"column":0},"end":{"line":129,"column":22}},"129":{"start":{"line":130,"column":0},"end":{"line":130,"column":31}},"130":{"start":{"line":131,"column":0},"end":{"line":131,"column":38}},"131":{"start":{"line":132,"column":0},"end":{"line":132,"column":63}},"132":{"start":{"line":133,"column":0},"end":{"line":133,"column":48}},"133":{"start":{"line":134,"column":0},"end":{"line":134,"column":43}},"134":{"start":{"line":135,"column":0},"end":{"line":135,"column":31}},"137":{"start":{"line":138,"column":0},"end":{"line":138,"column":86}},"138":{"start":{"line":139,"column":0},"end":{"line":139,"column":26}},"139":{"start":{"line":140,"column":0},"end":{"line":140,"column":40}},"140":{"start":{"line":141,"column":0},"end":{"line":141,"column":35}},"141":{"start":{"line":142,"column":0},"end":{"line":142,"column":40}},"142":{"start":{"line":143,"column":0},"end":{"line":143,"column":49}},"143":{"start":{"line":144,"column":0},"end":{"line":144,"column":52}},"144":{"start":{"line":145,"column":0},"end":{"line":145,"column":32}},"145":{"start":{"line":146,"column":0},"end":{"line":146,"column":22}},"146":{"start":{"line":147,"column":0},"end":{"line":147,"column":24}},"148":{"start":{"line":149,"column":0},"end":{"line":149,"column":22}},"149":{"start":{"line":150,"column":0},"end":{"line":150,"column":33}},"150":{"start":{"line":151,"column":0},"end":{"line":151,"column":35}},"151":{"start":{"line":152,"column":0},"end":{"line":152,"column":42}},"152":{"start":{"line":153,"column":0},"end":{"line":153,"column":45}},"153":{"start":{"line":154,"column":0},"end":{"line":154,"column":43}},"154":{"start":{"line":155,"column":0},"end":{"line":155,"column":31}},"156":{"start":{"line":157,"column":0},"end":{"line":157,"column":22}},"157":{"start":{"line":158,"column":0},"end":{"line":158,"column":33}},"158":{"start":{"line":159,"column":0},"end":{"line":159,"column":34}},"159":{"start":{"line":160,"column":0},"end":{"line":160,"column":45}},"160":{"start":{"line":161,"column":0},"end":{"line":161,"column":44}},"161":{"start":{"line":162,"column":0},"end":{"line":162,"column":43}},"162":{"start":{"line":163,"column":0},"end":{"line":163,"column":31}},"164":{"start":{"line":165,"column":0},"end":{"line":165,"column":22}},"165":{"start":{"line":166,"column":0},"end":{"line":166,"column":33}},"166":{"start":{"line":167,"column":0},"end":{"line":167,"column":30}},"167":{"start":{"line":168,"column":0},"end":{"line":168,"column":41}},"168":{"start":{"line":169,"column":0},"end":{"line":169,"column":40}},"169":{"start":{"line":170,"column":0},"end":{"line":170,"column":43}},"170":{"start":{"line":171,"column":0},"end":{"line":171,"column":31}},"172":{"start":{"line":173,"column":0},"end":{"line":173,"column":22}},"173":{"start":{"line":174,"column":0},"end":{"line":174,"column":33}},"174":{"start":{"line":175,"column":0},"end":{"line":175,"column":32}},"175":{"start":{"line":176,"column":0},"end":{"line":176,"column":43}},"176":{"start":{"line":177,"column":0},"end":{"line":177,"column":42}},"177":{"start":{"line":178,"column":0},"end":{"line":178,"column":43}},"178":{"start":{"line":179,"column":0},"end":{"line":179,"column":31}},"181":{"start":{"line":182,"column":0},"end":{"line":182,"column":52}},"183":{"start":{"line":184,"column":0},"end":{"line":184,"column":27}},"184":{"start":{"line":185,"column":0},"end":{"line":185,"column":30}},"185":{"start":{"line":186,"column":0},"end":{"line":186,"column":43}},"186":{"start":{"line":187,"column":0},"end":{"line":187,"column":46}},"187":{"start":{"line":188,"column":0},"end":{"line":188,"column":61}},"188":{"start":{"line":189,"column":0},"end":{"line":189,"column":94}},"189":{"start":{"line":190,"column":0},"end":{"line":190,"column":28}},"191":{"start":{"line":192,"column":0},"end":{"line":192,"column":27}},"192":{"start":{"line":193,"column":0},"end":{"line":193,"column":30}},"193":{"start":{"line":194,"column":0},"end":{"line":194,"column":43}},"194":{"start":{"line":195,"column":0},"end":{"line":195,"column":41}},"195":{"start":{"line":196,"column":0},"end":{"line":196,"column":61}},"196":{"start":{"line":197,"column":0},"end":{"line":197,"column":84}},"197":{"start":{"line":198,"column":0},"end":{"line":198,"column":28}},"199":{"start":{"line":200,"column":0},"end":{"line":200,"column":27}},"200":{"start":{"line":201,"column":0},"end":{"line":201,"column":30}},"201":{"start":{"line":202,"column":0},"end":{"line":202,"column":43}},"202":{"start":{"line":203,"column":0},"end":{"line":203,"column":47}},"203":{"start":{"line":204,"column":0},"end":{"line":204,"column":61}},"204":{"start":{"line":205,"column":0},"end":{"line":205,"column":96}},"205":{"start":{"line":206,"column":0},"end":{"line":206,"column":28}},"207":{"start":{"line":208,"column":0},"end":{"line":208,"column":27}},"208":{"start":{"line":209,"column":0},"end":{"line":209,"column":30}},"209":{"start":{"line":210,"column":0},"end":{"line":210,"column":43}},"210":{"start":{"line":211,"column":0},"end":{"line":211,"column":44}},"211":{"start":{"line":212,"column":0},"end":{"line":212,"column":61}},"212":{"start":{"line":213,"column":0},"end":{"line":213,"column":90}},"213":{"start":{"line":214,"column":0},"end":{"line":214,"column":28}},"215":{"start":{"line":216,"column":0},"end":{"line":216,"column":27}},"216":{"start":{"line":217,"column":0},"end":{"line":217,"column":30}},"217":{"start":{"line":218,"column":0},"end":{"line":218,"column":43}},"218":{"start":{"line":219,"column":0},"end":{"line":219,"column":40}},"219":{"start":{"line":220,"column":0},"end":{"line":220,"column":61}},"220":{"start":{"line":221,"column":0},"end":{"line":221,"column":82}},"221":{"start":{"line":222,"column":0},"end":{"line":222,"column":28}},"223":{"start":{"line":224,"column":0},"end":{"line":224,"column":22}},"226":{"start":{"line":227,"column":0},"end":{"line":227,"column":23}},"227":{"start":{"line":228,"column":0},"end":{"line":228,"column":41}},"228":{"start":{"line":229,"column":0},"end":{"line":229,"column":25}},"230":{"start":{"line":231,"column":0},"end":{"line":231,"column":44}},"231":{"start":{"line":232,"column":0},"end":{"line":232,"column":61}},"232":{"start":{"line":233,"column":0},"end":{"line":233,"column":25}},"234":{"start":{"line":235,"column":0},"end":{"line":235,"column":19}},"235":{"start":{"line":236,"column":0},"end":{"line":236,"column":14}},"237":{"start":{"line":238,"column":0},"end":{"line":238,"column":2}},"239":{"start":{"line":240,"column":0},"end":{"line":240,"column":23}}},"s":{"0":1,"1":1,"2":1,"3":1,"5":1,"7":11,"8":11,"9":11,"10":11,"11":11,"12":11,"13":11,"14":11,"15":11,"16":11,"18":11,"21":11,"24":11,"27":11,"28":1,"29":1,"30":1,"31":1,"32":1,"33":0,"34":0,"35":1,"36":1,"39":11,"41":7,"42":7,"45":11,"46":1,"47":1,"50":11,"51":1,"54":1,"55":1,"56":0,"57":0,"58":0,"59":0,"63":1,"64":1,"65":1,"66":1,"67":1,"68":1,"69":1,"70":1,"71":1,"73":0,"74":0,"75":0,"77":1,"78":1,"79":1,"80":1,"81":1,"82":1,"83":1,"84":1,"85":1,"86":1,"88":1,"89":1,"90":1,"91":1,"92":1,"93":1,"95":1,"96":1,"97":1,"98":1,"99":0,"100":0,"101":0,"102":1,"105":11,"107":11,"108":11,"109":11,"113":11,"114":11,"115":11,"116":11,"117":11,"118":11,"119":11,"121":11,"122":11,"123":11,"124":11,"125":11,"126":11,"128":11,"129":11,"130":11,"131":11,"132":11,"133":11,"134":11,"137":11,"138":11,"139":11,"140":11,"141":11,"142":11,"143":11,"144":11,"145":11,"146":11,"148":11,"149":11,"150":11,"151":11,"152":11,"153":11,"154":11,"156":11,"157":11,"158":11,"159":11,"160":11,"161":11,"162":11,"164":11,"165":11,"166":11,"167":11,"168":11,"169":11,"170":11,"172":11,"173":11,"174":11,"175":11,"176":11,"177":11,"178":11,"181":11,"183":11,"184":11,"185":11,"186":11,"187":11,"188":11,"189":11,"191":11,"192":11,"193":11,"194":11,"195":11,"196":11,"197":11,"199":11,"200":11,"201":11,"202":11,"203":11,"204":11,"205":11,"207":11,"208":11,"209":11,"210":11,"211":11,"212":11,"213":11,"215":11,"216":11,"217":11,"218":11,"219":11,"220":11,"221":11,"223":11,"226":11,"227":11,"228":11,"230":11,"231":11,"232":11,"234":11,"235":11,"237":11,"239":1},"branchMap":{"0":{"type":"branch","line":6,"loc":{"start":{"line":6,"column":16},"end":{"line":238,"column":2}},"locations":[{"start":{"line":6,"column":16},"end":{"line":238,"column":2}}]},"1":{"type":"branch","line":28,"loc":{"start":{"line":28,"column":35},"end":{"line":37,"column":6}},"locations":[{"start":{"line":28,"column":35},"end":{"line":37,"column":6}}]},"2":{"type":"branch","line":30,"loc":{"start":{"line":30,"column":20},"end":{"line":36,"column":9}},"locations":[{"start":{"line":30,"column":20},"end":{"line":36,"column":9}}]},"3":{"type":"branch","line":33,"loc":{"start":{"line":33,"column":12},"end":{"line":35,"column":13}},"locations":[{"start":{"line":33,"column":12},"end":{"line":35,"column":13}}]},"4":{"type":"branch","line":40,"loc":{"start":{"line":40,"column":25},"end":{"line":43,"column":6}},"locations":[{"start":{"line":40,"column":25},"end":{"line":43,"column":6}}]},"5":{"type":"branch","line":46,"loc":{"start":{"line":46,"column":30},"end":{"line":48,"column":6}},"locations":[{"start":{"line":46,"column":30},"end":{"line":48,"column":6}}]},"6":{"type":"branch","line":51,"loc":{"start":{"line":51,"column":25},"end":{"line":103,"column":6}},"locations":[{"start":{"line":51,"column":25},"end":{"line":103,"column":6}}]},"7":{"type":"branch","line":56,"loc":{"start":{"line":56,"column":20},"end":{"line":60,"column":9}},"locations":[{"start":{"line":56,"column":20},"end":{"line":60,"column":9}}]},"8":{"type":"branch","line":72,"loc":{"start":{"line":72,"column":29},"end":{"line":76,"column":9}},"locations":[{"start":{"line":72,"column":29},"end":{"line":76,"column":9}}]},"9":{"type":"branch","line":99,"loc":{"start":{"line":99,"column":8},"end":{"line":102,"column":9}},"locations":[{"start":{"line":99,"column":8},"end":{"line":102,"column":9}}]}},"b":{"0":[11],"1":[1],"2":[1],"3":[0],"4":[7],"5":[1],"6":[1],"7":[0],"8":[0],"9":[0]},"fnMap":{"0":{"name":"AddMeal","decl":{"start":{"line":6,"column":16},"end":{"line":238,"column":2}},"loc":{"start":{"line":6,"column":16},"end":{"line":238,"column":2}},"line":6},"1":{"name":"handlePreferenceChange","decl":{"start":{"line":28,"column":35},"end":{"line":37,"column":6}},"loc":{"start":{"line":28,"column":35},"end":{"line":37,"column":6}},"line":28},"2":{"name":"handleChange","decl":{"start":{"line":40,"column":25},"end":{"line":43,"column":6}},"loc":{"start":{"line":40,"column":25},"end":{"line":43,"column":6}},"line":40},"3":{"name":"handleImageChange","decl":{"start":{"line":46,"column":30},"end":{"line":48,"column":6}},"loc":{"start":{"line":46,"column":30},"end":{"line":48,"column":6}},"line":46},"4":{"name":"handleSubmit","decl":{"start":{"line":51,"column":25},"end":{"line":103,"column":6}},"loc":{"start":{"line":51,"column":25},"end":{"line":103,"column":6}},"line":51},"5":{"name":"onClick","decl":{"start":{"line":232,"column":29},"end":{"line":232,"column":54}},"loc":{"start":{"line":232,"column":29},"end":{"line":232,"column":54}},"line":232}},"f":{"0":11,"1":1,"2":7,"3":1,"4":1,"5":0}}
,"/home/nguyen-v/2024-apr-std/PlateTonic/client/src/pages/blog.jsx": {"path":"/home/nguyen-v/2024-apr-std/PlateTonic/client/src/pages/blog.jsx","all":false,"statementMap":{"0":{"start":{"line":1,"column":0},"end":{"line":1,"column":51}},"1":{"start":{"line":2,"column":0},"end":{"line":2,"column":47}},"2":{"start":{"line":3,"column":0},"end":{"line":3,"column":39}},"3":{"start":{"line":4,"column":0},"end":{"line":4,"column":28}},"5":{"start":{"line":6,"column":0},"end":{"line":6,"column":20}},"7":{"start":{"line":8,"column":0},"end":{"line":8,"column":33}},"10":{"start":{"line":11,"column":0},"end":{"line":11,"column":61}},"13":{"start":{"line":14,"column":0},"end":{"line":14,"column":41}},"16":{"start":{"line":17,"column":0},"end":{"line":17,"column":48}},"19":{"start":{"line":20,"column":0},"end":{"line":20,"column":19}},"22":{"start":{"line":23,"column":0},"end":{"line":23,"column":36}},"23":{"start":{"line":24,"column":0},"end":{"line":24,"column":11}},"24":{"start":{"line":25,"column":0},"end":{"line":25,"column":82}},"25":{"start":{"line":26,"column":0},"end":{"line":26,"column":43}},"26":{"start":{"line":27,"column":0},"end":{"line":27,"column":70}},"27":{"start":{"line":28,"column":0},"end":{"line":28,"column":21}},"28":{"start":{"line":29,"column":0},"end":{"line":29,"column":106}},"29":{"start":{"line":30,"column":0},"end":{"line":30,"column":7}},"30":{"start":{"line":31,"column":0},"end":{"line":31,"column":6}},"32":{"start":{"line":33,"column":0},"end":{"line":33,"column":53}},"35":{"start":{"line":36,"column":0},"end":{"line":36,"column":52}},"37":{"start":{"line":38,"column":0},"end":{"line":38,"column":16}},"39":{"start":{"line":40,"column":0},"end":{"line":40,"column":44}},"40":{"start":{"line":41,"column":0},"end":{"line":41,"column":50}},"41":{"start":{"line":42,"column":0},"end":{"line":42,"column":39}},"42":{"start":{"line":43,"column":0},"end":{"line":43,"column":5}},"43":{"start":{"line":44,"column":0},"end":{"line":44,"column":67}},"46":{"start":{"line":47,"column":0},"end":{"line":47,"column":41}},"47":{"start":{"line":48,"column":0},"end":{"line":48,"column":44}},"48":{"start":{"line":49,"column":0},"end":{"line":49,"column":39}},"50":{"start":{"line":51,"column":0},"end":{"line":51,"column":80}},"51":{"start":{"line":52,"column":0},"end":{"line":52,"column":6}},"52":{"start":{"line":53,"column":0},"end":{"line":53,"column":4}},"55":{"start":{"line":56,"column":0},"end":{"line":56,"column":50}},"56":{"start":{"line":57,"column":0},"end":{"line":57,"column":26}},"57":{"start":{"line":58,"column":0},"end":{"line":58,"column":36}},"58":{"start":{"line":59,"column":0},"end":{"line":59,"column":87}},"59":{"start":{"line":60,"column":0},"end":{"line":60,"column":7}},"60":{"start":{"line":61,"column":0},"end":{"line":61,"column":5}},"61":{"start":{"line":62,"column":0},"end":{"line":62,"column":45}},"63":{"start":{"line":64,"column":0},"end":{"line":64,"column":10}},"64":{"start":{"line":65,"column":0},"end":{"line":65,"column":31}},"66":{"start":{"line":67,"column":0},"end":{"line":67,"column":56}},"69":{"start":{"line":70,"column":0},"end":{"line":70,"column":38}},"70":{"start":{"line":71,"column":0},"end":{"line":71,"column":31}},"71":{"start":{"line":72,"column":0},"end":{"line":72,"column":40}},"72":{"start":{"line":73,"column":0},"end":{"line":73,"column":12}},"74":{"start":{"line":75,"column":0},"end":{"line":75,"column":24}},"75":{"start":{"line":76,"column":0},"end":{"line":76,"column":24}},"76":{"start":{"line":77,"column":0},"end":{"line":77,"column":22}},"77":{"start":{"line":78,"column":0},"end":{"line":78,"column":29}},"78":{"start":{"line":79,"column":0},"end":{"line":79,"column":32}},"79":{"start":{"line":80,"column":0},"end":{"line":80,"column":25}},"81":{"start":{"line":82,"column":0},"end":{"line":82,"column":24}},"82":{"start":{"line":83,"column":0},"end":{"line":83,"column":29}},"83":{"start":{"line":84,"column":0},"end":{"line":84,"column":20}},"84":{"start":{"line":85,"column":0},"end":{"line":85,"column":31}},"85":{"start":{"line":86,"column":0},"end":{"line":86,"column":27}},"86":{"start":{"line":87,"column":0},"end":{"line":87,"column":71}},"87":{"start":{"line":88,"column":0},"end":{"line":88,"column":20}},"88":{"start":{"line":89,"column":0},"end":{"line":89,"column":13}},"89":{"start":{"line":90,"column":0},"end":{"line":90,"column":14}},"90":{"start":{"line":91,"column":0},"end":{"line":91,"column":12}},"93":{"start":{"line":94,"column":0},"end":{"line":94,"column":19}},"94":{"start":{"line":95,"column":0},"end":{"line":95,"column":41}},"95":{"start":{"line":96,"column":0},"end":{"line":96,"column":17}},"96":{"start":{"line":97,"column":0},"end":{"line":97,"column":66}},"97":{"start":{"line":98,"column":0},"end":{"line":98,"column":19}},"98":{"start":{"line":99,"column":0},"end":{"line":99,"column":14}},"102":{"start":{"line":103,"column":0},"end":{"line":103,"column":36}},"103":{"start":{"line":104,"column":0},"end":{"line":104,"column":29}},"105":{"start":{"line":106,"column":0},"end":{"line":106,"column":35}},"106":{"start":{"line":107,"column":0},"end":{"line":107,"column":39}},"107":{"start":{"line":108,"column":0},"end":{"line":108,"column":41}},"108":{"start":{"line":109,"column":0},"end":{"line":109,"column":56}},"109":{"start":{"line":110,"column":0},"end":{"line":110,"column":37}},"110":{"start":{"line":111,"column":0},"end":{"line":111,"column":19}},"111":{"start":{"line":112,"column":0},"end":{"line":112,"column":46}},"112":{"start":{"line":113,"column":0},"end":{"line":113,"column":20}},"113":{"start":{"line":114,"column":0},"end":{"line":114,"column":23}},"114":{"start":{"line":115,"column":0},"end":{"line":115,"column":73}},"115":{"start":{"line":116,"column":0},"end":{"line":116,"column":25}},"116":{"start":{"line":117,"column":0},"end":{"line":117,"column":20}},"117":{"start":{"line":118,"column":0},"end":{"line":118,"column":14}},"120":{"start":{"line":121,"column":0},"end":{"line":121,"column":84}},"123":{"start":{"line":124,"column":0},"end":{"line":124,"column":14}},"124":{"start":{"line":125,"column":0},"end":{"line":125,"column":12}},"125":{"start":{"line":126,"column":0},"end":{"line":126,"column":10}},"127":{"start":{"line":128,"column":0},"end":{"line":128,"column":2}},"129":{"start":{"line":130,"column":0},"end":{"line":130,"column":20}}},"s":{"0":1,"1":1,"2":1,"3":1,"5":1,"7":6,"10":6,"13":6,"16":6,"19":6,"22":4,"23":4,"24":4,"25":0,"26":0,"27":0,"28":0,"29":0,"30":4,"32":4,"35":4,"37":4,"39":0,"40":0,"41":0,"42":0,"43":6,"46":6,"47":2,"48":2,"50":2,"51":2,"52":2,"55":6,"56":1,"57":0,"58":0,"59":0,"60":1,"61":5,"63":6,"64":6,"66":6,"69":6,"70":6,"71":6,"72":6,"74":6,"75":6,"76":6,"77":6,"78":6,"79":6,"81":6,"82":36,"83":36,"84":36,"85":36,"86":36,"87":36,"88":6,"89":6,"90":6,"93":6,"94":0,"95":0,"96":0,"97":0,"98":0,"102":6,"103":6,"105":6,"106":6,"107":0,"108":0,"109":0,"110":0,"111":0,"112":0,"113":0,"114":0,"115":0,"116":0,"117":0,"120":6,"123":6,"124":6,"125":6,"127":6,"129":1},"branchMap":{"0":{"type":"branch","line":6,"loc":{"start":{"line":6,"column":13},"end":{"line":128,"column":2}},"locations":[{"start":{"line":6,"column":13},"end":{"line":128,"column":2}}]},"1":{"type":"branch","line":56,"loc":{"start":{"line":56,"column":49},"end":{"line":61,"column":5}},"locations":[{"start":{"line":56,"column":49},"end":{"line":61,"column":5}}]},"2":{"type":"branch","line":61,"loc":{"start":{"line":61,"column":4},"end":{"line":62,"column":45}},"locations":[{"start":{"line":61,"column":4},"end":{"line":62,"column":45}}]},"3":{"type":"branch","line":94,"loc":{"start":{"line":94,"column":7},"end":{"line":99,"column":14}},"locations":[{"start":{"line":94,"column":7},"end":{"line":99,"column":14}}]},"4":{"type":"branch","line":107,"loc":{"start":{"line":107,"column":34},"end":{"line":118,"column":14}},"locations":[{"start":{"line":107,"column":34},"end":{"line":118,"column":14}}]},"5":{"type":"branch","line":20,"loc":{"start":{"line":20,"column":12},"end":{"line":44,"column":5}},"locations":[{"start":{"line":20,"column":12},"end":{"line":44,"column":5}}]},"6":{"type":"branch","line":38,"loc":{"start":{"line":38,"column":15},"end":{"line":43,"column":5}},"locations":[{"start":{"line":38,"column":15},"end":{"line":43,"column":5}}]},"7":{"type":"branch","line":23,"loc":{"start":{"line":23,"column":23},"end":{"line":31,"column":6}},"locations":[{"start":{"line":23,"column":23},"end":{"line":31,"column":6}}]},"8":{"type":"branch","line":25,"loc":{"start":{"line":25,"column":80},"end":{"line":30,"column":7}},"locations":[{"start":{"line":25,"column":80},"end":{"line":30,"column":7}}]},"9":{"type":"branch","line":47,"loc":{"start":{"line":47,"column":29},"end":{"line":53,"column":4}},"locations":[{"start":{"line":47,"column":29},"end":{"line":53,"column":4}}]},"10":{"type":"branch","line":49,"loc":{"start":{"line":49,"column":23},"end":{"line":51,"column":80}},"locations":[{"start":{"line":49,"column":23},"end":{"line":51,"column":80}}]},"11":{"type":"branch","line":51,"loc":{"start":{"line":51,"column":6},"end":{"line":51,"column":42}},"locations":[{"start":{"line":51,"column":6},"end":{"line":51,"column":42}}]},"12":{"type":"branch","line":51,"loc":{"start":{"line":51,"column":38},"end":{"line":51,"column":80}},"locations":[{"start":{"line":51,"column":38},"end":{"line":51,"column":80}}]},"13":{"type":"branch","line":51,"loc":{"start":{"line":51,"column":61},"end":{"line":51,"column":79}},"locations":[{"start":{"line":51,"column":61},"end":{"line":51,"column":79}}]},"14":{"type":"branch","line":82,"loc":{"start":{"line":82,"column":16},"end":{"line":88,"column":20}},"locations":[{"start":{"line":82,"column":16},"end":{"line":88,"column":20}}]}},"b":{"0":[6],"1":[1],"2":[5],"3":[0],"4":[0],"5":[4],"6":[0],"7":[4],"8":[0],"9":[2],"10":[2],"11":[1],"12":[1],"13":[1],"14":[36]},"fnMap":{"0":{"name":"Blog","decl":{"start":{"line":6,"column":13},"end":{"line":128,"column":2}},"loc":{"start":{"line":6,"column":13},"end":{"line":128,"column":2}},"line":6},"1":{"name":"fetchBlogs","decl":{"start":{"line":23,"column":23},"end":{"line":31,"column":6}},"loc":{"start":{"line":23,"column":23},"end":{"line":31,"column":6}},"line":23},"2":{"name":"handleFilterChange","decl":{"start":{"line":47,"column":29},"end":{"line":53,"column":4}},"loc":{"start":{"line":47,"column":29},"end":{"line":53,"column":4}},"line":47},"3":{"name":"onClick","decl":{"start":{"line":97,"column":21},"end":{"line":97,"column":52}},"loc":{"start":{"line":97,"column":21},"end":{"line":97,"column":52}},"line":97}},"f":{"0":6,"1":4,"2":2,"3":0}}
,"/home/nguyen-v/2024-apr-std/PlateTonic/client/src/pages/blogdetails.jsx": {"path":"/home/nguyen-v/2024-apr-std/PlateTonic/client/src/pages/blogdetails.jsx","all":false,"statementMap":{"0":{"start":{"line":1,"column":0},"end":{"line":1,"column":51}},"1":{"start":{"line":2,"column":0},"end":{"line":2,"column":58}},"2":{"start":{"line":3,"column":0},"end":{"line":3,"column":39}},"3":{"start":{"line":4,"column":0},"end":{"line":4,"column":26}},"4":{"start":{"line":5,"column":0},"end":{"line":5,"column":35}},"6":{"start":{"line":7,"column":0},"end":{"line":7,"column":26}},"7":{"start":{"line":8,"column":0},"end":{"line":8,"column":65}},"8":{"start":{"line":9,"column":0},"end":{"line":9,"column":83}},"11":{"start":{"line":12,"column":0},"end":{"line":12,"column":41}},"12":{"start":{"line":13,"column":0},"end":{"line":13,"column":48}},"15":{"start":{"line":16,"column":0},"end":{"line":16,"column":56}},"18":{"start":{"line":19,"column":0},"end":{"line":19,"column":19}},"19":{"start":{"line":20,"column":0},"end":{"line":20,"column":35}},"20":{"start":{"line":21,"column":0},"end":{"line":21,"column":11}},"21":{"start":{"line":22,"column":0},"end":{"line":22,"column":88}},"22":{"start":{"line":23,"column":0},"end":{"line":23,"column":43}},"23":{"start":{"line":24,"column":0},"end":{"line":24,"column":58}},"24":{"start":{"line":25,"column":0},"end":{"line":25,"column":21}},"25":{"start":{"line":26,"column":0},"end":{"line":26,"column":77}},"26":{"start":{"line":27,"column":0},"end":{"line":27,"column":7}},"27":{"start":{"line":28,"column":0},"end":{"line":28,"column":6}},"29":{"start":{"line":30,"column":0},"end":{"line":30,"column":64}},"32":{"start":{"line":33,"column":0},"end":{"line":33,"column":52}},"33":{"start":{"line":34,"column":0},"end":{"line":34,"column":16}},"34":{"start":{"line":35,"column":0},"end":{"line":35,"column":44}},"35":{"start":{"line":36,"column":0},"end":{"line":36,"column":39}},"36":{"start":{"line":37,"column":0},"end":{"line":37,"column":5}},"38":{"start":{"line":39,"column":0},"end":{"line":39,"column":44}},"41":{"start":{"line":42,"column":0},"end":{"line":42,"column":40}},"42":{"start":{"line":43,"column":0},"end":{"line":43,"column":9}},"44":{"start":{"line":45,"column":0},"end":{"line":45,"column":54}},"45":{"start":{"line":46,"column":0},"end":{"line":46,"column":77}},"46":{"start":{"line":47,"column":0},"end":{"line":47,"column":54}},"47":{"start":{"line":48,"column":0},"end":{"line":48,"column":9}},"49":{"start":{"line":50,"column":0},"end":{"line":50,"column":71}},"50":{"start":{"line":51,"column":0},"end":{"line":51,"column":64}},"51":{"start":{"line":52,"column":0},"end":{"line":52,"column":19}},"52":{"start":{"line":53,"column":0},"end":{"line":53,"column":54}},"53":{"start":{"line":54,"column":0},"end":{"line":54,"column":61}},"54":{"start":{"line":55,"column":0},"end":{"line":55,"column":5}},"55":{"start":{"line":56,"column":0},"end":{"line":56,"column":4}},"57":{"start":{"line":58,"column":0},"end":{"line":58,"column":14}},"58":{"start":{"line":59,"column":0},"end":{"line":59,"column":67}},"59":{"start":{"line":60,"column":0},"end":{"line":60,"column":3}},"61":{"start":{"line":62,"column":0},"end":{"line":62,"column":10}},"62":{"start":{"line":63,"column":0},"end":{"line":63,"column":9}},"64":{"start":{"line":65,"column":0},"end":{"line":65,"column":42}},"66":{"start":{"line":67,"column":0},"end":{"line":67,"column":12}},"69":{"start":{"line":70,"column":0},"end":{"line":70,"column":45}},"71":{"start":{"line":72,"column":0},"end":{"line":72,"column":42}},"72":{"start":{"line":73,"column":0},"end":{"line":73,"column":22}},"73":{"start":{"line":74,"column":0},"end":{"line":74,"column":13}},"75":{"start":{"line":76,"column":0},"end":{"line":76,"column":11}},"76":{"start":{"line":77,"column":0},"end":{"line":77,"column":31}},"77":{"start":{"line":78,"column":0},"end":{"line":78,"column":12}},"79":{"start":{"line":80,"column":0},"end":{"line":80,"column":40}},"80":{"start":{"line":81,"column":0},"end":{"line":81,"column":38}},"81":{"start":{"line":82,"column":0},"end":{"line":82,"column":12}},"83":{"start":{"line":84,"column":0},"end":{"line":84,"column":38}},"84":{"start":{"line":85,"column":0},"end":{"line":85,"column":58}},"85":{"start":{"line":86,"column":0},"end":{"line":86,"column":37}},"86":{"start":{"line":87,"column":0},"end":{"line":87,"column":13}},"87":{"start":{"line":88,"column":0},"end":{"line":88,"column":14}},"90":{"start":{"line":91,"column":0},"end":{"line":91,"column":21}},"91":{"start":{"line":92,"column":0},"end":{"line":92,"column":12}},"92":{"start":{"line":93,"column":0},"end":{"line":93,"column":47}},"93":{"start":{"line":94,"column":0},"end":{"line":94,"column":68}},"94":{"start":{"line":95,"column":0},"end":{"line":95,"column":21}},"97":{"start":{"line":98,"column":0},"end":{"line":98,"column":29}},"98":{"start":{"line":99,"column":0},"end":{"line":99,"column":45}},"100":{"start":{"line":101,"column":0},"end":{"line":101,"column":19}},"102":{"start":{"line":103,"column":0},"end":{"line":103,"column":20}},"104":{"start":{"line":105,"column":0},"end":{"line":105,"column":54}},"105":{"start":{"line":106,"column":0},"end":{"line":106,"column":60}},"106":{"start":{"line":107,"column":0},"end":{"line":107,"column":25}},"108":{"start":{"line":109,"column":0},"end":{"line":109,"column":46}},"109":{"start":{"line":110,"column":0},"end":{"line":110,"column":63}},"110":{"start":{"line":111,"column":0},"end":{"line":111,"column":25}},"112":{"start":{"line":113,"column":0},"end":{"line":113,"column":20}},"114":{"start":{"line":115,"column":0},"end":{"line":115,"column":13}},"118":{"start":{"line":119,"column":0},"end":{"line":119,"column":39}},"119":{"start":{"line":120,"column":0},"end":{"line":120,"column":58}},"120":{"start":{"line":121,"column":0},"end":{"line":121,"column":17}},"122":{"start":{"line":123,"column":0},"end":{"line":123,"column":12}},"123":{"start":{"line":124,"column":0},"end":{"line":124,"column":10}},"125":{"start":{"line":126,"column":0},"end":{"line":126,"column":2}},"127":{"start":{"line":128,"column":0},"end":{"line":128,"column":26}}},"s":{"0":1,"1":1,"2":1,"3":1,"4":1,"6":1,"7":10,"8":10,"11":10,"12":10,"15":10,"18":10,"19":3,"20":3,"21":3,"22":3,"23":3,"24":3,"25":0,"26":0,"27":3,"29":3,"32":3,"33":3,"34":3,"35":3,"36":3,"38":10,"41":10,"42":0,"44":0,"45":0,"46":0,"47":0,"49":0,"50":0,"51":0,"52":0,"53":0,"54":0,"55":0,"57":10,"58":6,"59":6,"61":4,"62":4,"64":4,"66":4,"69":4,"71":4,"72":4,"73":4,"75":4,"76":4,"77":4,"79":4,"80":4,"81":4,"83":4,"84":4,"85":4,"86":4,"87":4,"90":4,"91":4,"92":4,"93":4,"94":4,"97":4,"98":1,"100":1,"102":1,"104":1,"105":1,"106":1,"108":1,"109":1,"110":1,"112":1,"114":4,"118":10,"119":10,"120":10,"122":10,"123":10,"125":10,"127":1},"branchMap":{"0":{"type":"branch","line":7,"loc":{"start":{"line":7,"column":19},"end":{"line":126,"column":2}},"locations":[{"start":{"line":7,"column":19},"end":{"line":126,"column":2}}]},"1":{"type":"branch","line":58,"loc":{"start":{"line":58,"column":13},"end":{"line":60,"column":3}},"locations":[{"start":{"line":58,"column":13},"end":{"line":60,"column":3}}]},"2":{"type":"branch","line":60,"loc":{"start":{"line":60,"column":2},"end":{"line":115,"column":13}},"locations":[{"start":{"line":60,"column":2},"end":{"line":115,"column":13}}]},"3":{"type":"branch","line":98,"loc":{"start":{"line":98,"column":13},"end":{"line":113,"column":20}},"locations":[{"start":{"line":98,"column":13},"end":{"line":113,"column":20}}]},"4":{"type":"branch","line":19,"loc":{"start":{"line":19,"column":12},"end":{"line":39,"column":5}},"locations":[{"start":{"line":19,"column":12},"end":{"line":39,"column":5}}]},"5":{"type":"branch","line":20,"loc":{"start":{"line":20,"column":22},"end":{"line":28,"column":6}},"locations":[{"start":{"line":20,"column":22},"end":{"line":28,"column":6}}]},"6":{"type":"branch","line":25,"loc":{"start":{"line":25,"column":6},"end":{"line":27,"column":7}},"locations":[{"start":{"line":25,"column":6},"end":{"line":27,"column":7}}]},"7":{"type":"branch","line":85,"loc":{"start":{"line":85,"column":40},"end":{"line":86,"column":37}},"locations":[{"start":{"line":85,"column":40},"end":{"line":86,"column":37}}]},"8":{"type":"branch","line":94,"loc":{"start":{"line":94,"column":23},"end":{"line":94,"column":51}},"locations":[{"start":{"line":94,"column":23},"end":{"line":94,"column":51}}]},"9":{"type":"branch","line":120,"loc":{"start":{"line":120,"column":19},"end":{"line":120,"column":44}},"locations":[{"start":{"line":120,"column":19},"end":{"line":120,"column":44}}]}},"b":{"0":[10],"1":[6],"2":[4],"3":[1],"4":[3],"5":[3],"6":[0],"7":[4],"8":[1],"9":[1]},"fnMap":{"0":{"name":"BlogDetail","decl":{"start":{"line":7,"column":19},"end":{"line":126,"column":2}},"loc":{"start":{"line":7,"column":19},"end":{"line":126,"column":2}},"line":7},"1":{"name":"fetchBlog","decl":{"start":{"line":20,"column":22},"end":{"line":28,"column":6}},"loc":{"start":{"line":20,"column":22},"end":{"line":28,"column":6}},"line":20},"2":{"name":"handleRemoveBlog","decl":{"start":{"line":42,"column":27},"end":{"line":56,"column":4}},"loc":{"start":{"line":42,"column":27},"end":{"line":56,"column":4}},"line":42},"3":{"name":"onClick","decl":{"start":{"line":94,"column":23},"end":{"line":94,"column":51}},"loc":{"start":{"line":94,"column":23},"end":{"line":94,"column":51}},"line":94},"4":{"name":"onClick","decl":{"start":{"line":110,"column":27},"end":{"line":110,"column":56}},"loc":{"start":{"line":110,"column":27},"end":{"line":110,"column":56}},"line":110},"5":{"name":"onClick","decl":{"start":{"line":120,"column":19},"end":{"line":120,"column":44}},"loc":{"start":{"line":120,"column":19},"end":{"line":120,"column":44}},"line":120}},"f":{"0":10,"1":3,"2":0,"3":1,"4":0,"5":1}}
,"/home/nguyen-v/2024-apr-std/PlateTonic/client/src/pages/contact.jsx": {"path":"/home/nguyen-v/2024-apr-std/PlateTonic/client/src/pages/contact.jsx","all":false,"statementMap":{"0":{"start":{"line":1,"column":0},"end":{"line":1,"column":26}},"1":{"start":{"line":2,"column":0},"end":{"line":2,"column":31}},"4":{"start":{"line":5,"column":0},"end":{"line":5,"column":59}},"7":{"start":{"line":8,"column":0},"end":{"line":8,"column":23}},"10":{"start":{"line":11,"column":0},"end":{"line":11,"column":37}},"11":{"start":{"line":12,"column":0},"end":{"line":12,"column":58}},"12":{"start":{"line":13,"column":0},"end":{"line":13,"column":71}},"13":{"start":{"line":14,"column":0},"end":{"line":14,"column":39}},"14":{"start":{"line":15,"column":0},"end":{"line":15,"column":4}},"16":{"start":{"line":17,"column":0},"end":{"line":17,"column":10}},"19":{"start":{"line":20,"column":0},"end":{"line":20,"column":34}},"22":{"start":{"line":23,"column":0},"end":{"line":23,"column":41}},"24":{"start":{"line":25,"column":0},"end":{"line":25,"column":38}},"25":{"start":{"line":26,"column":0},"end":{"line":26,"column":29}},"26":{"start":{"line":27,"column":0},"end":{"line":27,"column":64}},"29":{"start":{"line":30,"column":0},"end":{"line":30,"column":40}},"31":{"start":{"line":32,"column":0},"end":{"line":32,"column":41}},"32":{"start":{"line":33,"column":0},"end":{"line":33,"column":36}},"34":{"start":{"line":35,"column":0},"end":{"line":35,"column":22}},"35":{"start":{"line":36,"column":0},"end":{"line":36,"column":20}},"36":{"start":{"line":37,"column":0},"end":{"line":37,"column":25}},"37":{"start":{"line":38,"column":0},"end":{"line":38,"column":27}},"38":{"start":{"line":39,"column":0},"end":{"line":39,"column":45}},"39":{"start":{"line":40,"column":0},"end":{"line":40,"column":27}},"40":{"start":{"line":41,"column":0},"end":{"line":41,"column":18}},"42":{"start":{"line":43,"column":0},"end":{"line":43,"column":41}},"43":{"start":{"line":44,"column":0},"end":{"line":44,"column":37}},"45":{"start":{"line":46,"column":0},"end":{"line":46,"column":22}},"46":{"start":{"line":47,"column":0},"end":{"line":47,"column":20}},"47":{"start":{"line":48,"column":0},"end":{"line":48,"column":26}},"48":{"start":{"line":49,"column":0},"end":{"line":49,"column":28}},"49":{"start":{"line":50,"column":0},"end":{"line":50,"column":46}},"50":{"start":{"line":51,"column":0},"end":{"line":51,"column":27}},"51":{"start":{"line":52,"column":0},"end":{"line":52,"column":18}},"53":{"start":{"line":54,"column":0},"end":{"line":54,"column":41}},"54":{"start":{"line":55,"column":0},"end":{"line":55,"column":39}},"56":{"start":{"line":57,"column":0},"end":{"line":57,"column":22}},"57":{"start":{"line":58,"column":0},"end":{"line":58,"column":23}},"58":{"start":{"line":59,"column":0},"end":{"line":59,"column":28}},"59":{"start":{"line":60,"column":0},"end":{"line":60,"column":48}},"60":{"start":{"line":61,"column":0},"end":{"line":61,"column":25}},"61":{"start":{"line":62,"column":0},"end":{"line":62,"column":25}},"62":{"start":{"line":63,"column":0},"end":{"line":63,"column":18}},"65":{"start":{"line":66,"column":0},"end":{"line":66,"column":19}},"66":{"start":{"line":67,"column":0},"end":{"line":67,"column":28}},"68":{"start":{"line":69,"column":0},"end":{"line":69,"column":21}},"70":{"start":{"line":71,"column":0},"end":{"line":71,"column":17}},"71":{"start":{"line":72,"column":0},"end":{"line":72,"column":14}},"74":{"start":{"line":75,"column":0},"end":{"line":75,"column":39}},"75":{"start":{"line":76,"column":0},"end":{"line":76,"column":19}},"76":{"start":{"line":77,"column":0},"end":{"line":77,"column":26}},"77":{"start":{"line":78,"column":0},"end":{"line":78,"column":28}},"78":{"start":{"line":79,"column":0},"end":{"line":79,"column":14}},"80":{"start":{"line":81,"column":0},"end":{"line":81,"column":12}},"83":{"start":{"line":84,"column":0},"end":{"line":84,"column":36}},"84":{"start":{"line":85,"column":0},"end":{"line":85,"column":32}},"86":{"start":{"line":87,"column":0},"end":{"line":87,"column":36}},"88":{"start":{"line":89,"column":0},"end":{"line":89,"column":12}},"90":{"start":{"line":91,"column":0},"end":{"line":91,"column":34}},"92":{"start":{"line":93,"column":0},"end":{"line":93,"column":12}},"94":{"start":{"line":95,"column":0},"end":{"line":95,"column":12}},"95":{"start":{"line":96,"column":0},"end":{"line":96,"column":10}},"97":{"start":{"line":98,"column":0},"end":{"line":98,"column":2}},"99":{"start":{"line":100,"column":0},"end":{"line":100,"column":23}}},"s":{"0":1,"1":1,"4":1,"7":1,"10":3,"11":1,"12":1,"13":1,"14":1,"16":3,"19":3,"22":3,"24":3,"25":3,"2
[...]
"line":67,"column":67}},"67":{"start":{"line":68,"column":0},"end":{"line":68,"column":13}},"68":{"start":{"line":69,"column":0},"end":{"line":69,"column":5}},"71":{"start":{"line":72,"column":0},"end":{"line":72,"column":82}},"72":{"start":{"line":73,"column":0},"end":{"line":73,"column":78}},"75":{"start":{"line":76,"column":0},"end":{"line":76,"column":22}},"76":{"start":{"line":77,"column":0},"end":{"line":77,"column":11}},"77":{"start":{"line":78,"column":0},"end":{"line":78,"column":12}},"78":{"start":{"line":79,"column":0},"end":{"line":79,"column":15}},"79":{"start":{"line":80,"column":0},"end":{"line":80,"column":41}},"80":{"start":{"line":81,"column":0},"end":{"line":81,"column":21}},"81":{"start":{"line":82,"column":0},"end":{"line":82,"column":21}},"82":{"start":{"line":83,"column":0},"end":{"line":83,"column":26}},"83":{"start":{"line":84,"column":0},"end":{"line":84,"column":25}},"84":{"start":{"line":85,"column":0},"end":{"line":85,"column":7}},"85":{"start":{"line":86,"column":0},"end":{"line":86,"column":6}},"87":{"start":{"line":88,"column":0},"end":{"line":88,"column":74}},"90":{"start":{"line":91,"column":0},"end":{"line":91,"column":9}},"91":{"start":{"line":92,"column":0},"end":{"line":92,"column":99}},"93":{"start":{"line":94,"column":0},"end":{"line":94,"column":65}},"96":{"start":{"line":97,"column":0},"end":{"line":97,"column":46}},"97":{"start":{"line":98,"column":0},"end":{"line":98,"column":88}},"98":{"start":{"line":99,"column":0},"end":{"line":99,"column":105}},"100":{"start":{"line":101,"column":0},"end":{"line":101,"column":64}},"103":{"start":{"line":104,"column":0},"end":{"line":104,"column":45}},"104":{"start":{"line":105,"column":0},"end":{"line":105,"column":25}},"105":{"start":{"line":106,"column":0},"end":{"line":106,"column":21}},"106":{"start":{"line":107,"column":0},"end":{"line":107,"column":84}},"107":{"start":{"line":108,"column":0},"end":{"line":108,"column":111}},"108":{"start":{"line":109,"column":0},"end":{"line":109,"column":5}},"109":{"start":{"line":110,"column":0},"end":{"line":110,"column":4}},"112":{"start":{"line":113,"column":0},"end":{"line":113,"column":10}},"113":{"start":{"line":114,"column":0},"end":{"line":114,"column":33}},"114":{"start":{"line":115,"column":0},"end":{"line":115,"column":62}},"117":{"start":{"line":118,"column":0},"end":{"line":118,"column":40}},"118":{"start":{"line":119,"column":0},"end":{"line":119,"column":24}},"119":{"start":{"line":120,"column":0},"end":{"line":120,"column":64}},"122":{"start":{"line":123,"column":0},"end":{"line":123,"column":39}},"123":{"start":{"line":124,"column":0},"end":{"line":124,"column":47}},"124":{"start":{"line":125,"column":0},"end":{"line":125,"column":18}},"125":{"start":{"line":126,"column":0},"end":{"line":126,"column":23}},"126":{"start":{"line":127,"column":0},"end":{"line":127,"column":25}},"127":{"start":{"line":128,"column":0},"end":{"line":128,"column":26}},"128":{"start":{"line":129,"column":0},"end":{"line":129,"column":55}},"129":{"start":{"line":130,"column":0},"end":{"line":130,"column":22}},"130":{"start":{"line":131,"column":0},"end":{"line":131,"column":14}},"131":{"start":{"line":132,"column":0},"end":{"line":132,"column":16}},"133":{"start":{"line":134,"column":0},"end":{"line":134,"column":39}},"134":{"start":{"line":135,"column":0},"end":{"line":135,"column":49}},"135":{"start":{"line":136,"column":0},"end":{"line":136,"column":18}},"136":{"start":{"line":137,"column":0},"end":{"line":137,"column":24}},"137":{"start":{"line":138,"column":0},"end":{"line":138,"column":26}},"138":{"start":{"line":139,"column":0},"end":{"line":139,"column":27}},"139":{"start":{"line":140,"column":0},"end":{"line":140,"column":56}},"140":{"start":{"line":141,"column":0},"end":{"line":141,"column":22}},"141":{"start":{"line":142,"column":0},"end":{"line":142,"column":14}},"142":{"start":{"line":143,"column":0},"end":{"line":143,"column":16}},"144":{"start":{"line":145,"column":0},"end":{"line":145,"column":39}},"145":{"start":{"line":146,"column":0},"end":{"line":146,"column":55}},"146":{"start":{"line":147,"column":0},"end":{"line":147,"column":18}},"147":{"start":{"line":148,"column":0},"end":{"line":148,"column":27}},"148":{"start":{"line":149,"column":0},"end":{"line":149,"column":29}},"149":{"start":{"line":150,"column":0},"end":{"line":150,"column":30}},"150":{"start":{"line":151,"column":0},"end":{"line":151,"column":59}},"151":{"start":{"line":152,"column":0},"end":{"line":152,"column":22}},"152":{"start":{"line":153,"column":0},"end":{"line":153,"column":14}},"153":{"start":{"line":154,"column":0},"end":{"line":154,"column":16}},"155":{"start":{"line":156,"column":0},"end":{"line":156,"column":39}},"156":{"start":{"line":157,"column":0},"end":{"line":157,"column":70}},"157":{"start":{"line":158,"column":0},"end":{"line":158,"column":18}},"158":{"start":{"line":159,"column":0},"end":{"line":159,"column":34}},"159":{"start":{"line":160,"column":0},"end":{"line":160,"column":29}},"160":{"start":{"line":161,"column":0},"end":{"line":161,"column":37}},"161":{"start":{"line":162,"column":0},"end":{"line":162,"column":66}},"162":{"start":{"line":163,"column":0},"end":{"line":163,"column":22}},"163":{"start":{"line":164,"column":0},"end":{"line":164,"column":14}},"164":{"start":{"line":165,"column":0},"end":{"line":165,"column":16}},"166":{"start":{"line":167,"column":0},"end":{"line":167,"column":39}},"167":{"start":{"line":168,"column":0},"end":{"line":168,"column":72}},"168":{"start":{"line":169,"column":0},"end":{"line":169,"column":19}},"169":{"start":{"line":170,"column":0},"end":{"line":170,"column":35}},"170":{"start":{"line":171,"column":0},"end":{"line":171,"column":38}},"171":{"start":{"line":172,"column":0},"end":{"line":172,"column":67}},"172":{"start":{"line":173,"column":0},"end":{"line":173,"column":22}},"174":{"start":{"line":175,"column":0},"end":{"line":175,"column":59}},"175":{"start":{"line":176,"column":0},"end":{"line":176,"column":23}},"176":{"start":{"line":177,"column":0},"end":{"line":177,"column":57}},"177":{"start":{"line":178,"column":0},"end":{"line":178,"column":25}},"178":{"start":{"line":179,"column":0},"end":{"line":179,"column":17}},"179":{"start":{"line":180,"column":0},"end":{"line":180,"column":21}},"181":{"start":{"line":182,"column":0},"end":{"line":182,"column":16}},"183":{"start":{"line":184,"column":0},"end":{"line":184,"column":39}},"184":{"start":{"line":185,"column":0},"end":{"line":185,"column":68}},"185":{"start":{"line":186,"column":0},"end":{"line":186,"column":18}},"186":{"start":{"line":187,"column":0},"end":{"line":187,"column":33}},"187":{"start":{"line":188,"column":0},"end":{"line":188,"column":25}},"188":{"start":{"line":189,"column":0},"end":{"line":189,"column":36}},"189":{"start":{"line":190,"column":0},"end":{"line":190,"column":65}},"190":{"start":{"line":191,"column":0},"end":{"line":191,"column":22}},"191":{"start":{"line":192,"column":0},"end":{"line":192,"column":14}},"192":{"start":{"line":193,"column":0},"end":{"line":193,"column":16}},"194":{"start":{"line":195,"column":0},"end":{"line":195,"column":44}},"195":{"start":{"line":196,"column":0},"end":{"line":196,"column":40}},"196":{"start":{"line":197,"column":0},"end":{"line":197,"column":20}},"197":{"start":{"line":198,"column":0},"end":{"line":198,"column":31}},"198":{"start":{"line":199,"column":0},"end":{"line":199,"column":31}},"199":{"start":{"line":200,"column":0},"end":{"line":200,"column":36}},"200":{"start":{"line":201,"column":0},"end":{"line":201,"column":65}},"201":{"start":{"line":202,"column":0},"end":{"line":202,"column":16}},"202":{"start":{"line":203,"column":0},"end":{"line":203,"column":87}},"203":{"start":{"line":204,"column":0},"end":{"line":204,"column":20}},"204":{"start":{"line":205,"column":0},"end":{"line":205,"column":16}},"207":{"start":{"line":208,"column":0},"end":{"line":208,"column":17}},"208":{"start":{"line":209,"column":0},"end":{"line":209,"column":33}},"209":{"start":{"line":210,"column":0},"end":{"line":210,"column":19}},"211":{"start":{"line":212,"column":0},"end":{"line":212,"column":15}},"214":{"start":{"line":215,"column":0},"end":{"line":215,"column":11}},"216":{"start":{"line":217,"column":0},"end":{"line":217,"column":45}},"217":{"start":{"line":218,"column":0},"end":{"line":218,"column":12}},"219":{"start":{"line":220,"column":0},"end":{"line":220,"column":12}},"220":{"start":{"line":221,"column":0},"end":{"line":221,"column":10}},"222":{"start":{"line":223,"column":0},"end":{"line":223,"column":2}},"224":{"start":{"line":225,"column":0},"end":{"line":225,"column":22}}},"s":{"0":1,"1":1,"2":1,"3":1,"4":1,"7":1,"10":23,"13":23,"14":23,"15":23,"16":23,"19":23,"23":23,"24":23,"25":23,"28":23,"29":4,"30":4,"31":4,"33":4,"36":4,"37":4,"38":4,"39":4,"40":4,"41":0,"42":0,"43":4,"45":4,"46":23,"49":23,"50":5,"53":5,"54":1,"55":1,"56":1,"57":5,"58":1,"59":1,"60":1,"61":5,"62":1,"63":1,"64":1,"65":5,"66":0,"67":0,"68":0,"71":5,"72":5,"75":5,"76":5,"77":5,"78":5,"79":5,"80":5,"81":5,"82":5,"83":5,"84":5,"85":5,"87":5,"90":5,"91":5,"93":1,"96":1,"97":1,"98":1,"100":1,"103":1,"104":1,"105":1,"106":1,"107":1,"108":1,"109":5,"112":23,"113":23,"114":23,"117":23,"118":23,"119":23,"122":23,"123":23,"124":23,"125":23,"126":23,"127":23,"128":23,"129":23,"130":23,"131":23,"133":23,"134":23,"135":23,"136":23,"137":23,"138":23,"139":23,"140":23,"141":23,"142":23,"144":23,"145":23,"146":23,"147":23,"148":23,"149":23,"150":23,"151":23,"152":23,"153":23,"155":23,"156":23,"157":23,"158":23,"159":23,"160":23,"161":23,"162":23,"163":23,"164":23,"166":23,"167":23,"168":23,"169":23,"170":23,"171":23,"172":23,"174":23,"175":38,"176":38,"177":38,"178":23,"179":23,"181":23,"183":23,"184":23,"185":23,"186":23,"187":23,"188":23,"189":23,"190":23,"191":23,"192":23,"194":23,"195":23,"196":23,"197":23,"198":23,"199":23,"200":23,"201":23,"202":23,"203":23,"204":23,"207":23,"208":23,"209":23,"211":23,"214":23,"216":23,"217":23,"219":23,"220":23,"222":23,"224":1},"branchMap":{"0":{"type":"branch","line":8,"loc":{"start":{"line":8,"column":15},"end":{"line":223,"column":2}},"locations":[{"start":{"line":8,"column":15},"end":{"line":223,"column":2}}]},"1":{"type":"branch","line":29,"loc":{"start":{"line":29,"column":12},"end":{"line":47,"column":5}},"locations":[{"start":{"line":29,"column":12},"end":{"line":47,"column":5}}]},"2":{"type":"branch","line":30,"loc":{"start":{"line":30,"column":35},"end":{"line":44,"column":6}},"locations":[{"start":{"line":30,"column":35},"end":{"line":44,"column":6}}]},"3":{"type":"branch","line":41,"loc":{"start":{"line":41,"column":6},"end":{"line":43,"column":7}},"locations":[{"start":{"line":41,"column":6},"end":{"line":43,"column":7}}]},"4":{"type":"branch","line":50,"loc":{"start":{"line":50,"column":23},"end":{"line":110,"column":4}},"locations":[{"start":{"line":50,"column":23},"end":{"line":110,"column":4}}]},"5":{"type":"branch","line":54,"loc":{"start":{"line":54,"column":21},"end":{"line":57,"column":5}},"locations":[{"start":{"line":54,"column":21},"end":{"line":57,"column":5}}]},"6":{"type":"branch","line":57,"loc":{"start":{"line":57,"column":4},"end":{"line":58,"column":38}},"locations":[{"start":{"line":57,"column":4},"end":{"line":58,"column":38}}]},"7":{"type":"branch","line":58,"loc":{"start":{"line":58,"column":38},"end":{"line":61,"column":5}},"locations":[{"start":{"line":58,"column":38},"end":{"line":61,"column":5}}]},"8":{"type":"branch","line":61,"loc":{"start":{"line":61,"column":4},"end":{"line":62,"column":36}},"locations":[{"start":{"line":61,"column":4},"end":{"line":62,"column":36}}]},"9":{"type":"branch","line":62,"loc":{"start":{"line":62,"column":36},"end":{"line":65,"column":5}},"locations":[{"start":{"line":62,"column":36},"end":{"line":65,"column":5}}]},"10":{"type":"branch","line":65,"loc":{"start":{"line":65,"column":4},"end":{"line":66,"column":32}},"locations":[{"start":{"line":65,"column":4},"end":{"line":66,"column":32}}]},"11":{"type":"branch","line":66,"loc":{"start":{"line":66,"column":32},"end":{"line":69,"column":5}},"locations":[{"start":{"line":66,"column":32},"end":{"line":69,"column":5}}]},"12":{"type":"branch","line":69,"loc":{"start":{"line":69,"column":4},"end":{"line":72,"column":79}},"locations":[{"start":{"line":69,"column":4},"end":{"line":72,"column":79}}]},"13":{"type":"branch","line":72,"loc":{"start":{"line":72,"column":74},"end":{"line":72,"column":82}},"locations":[{"start":{"line":72,"column":74},"end":{"line":72,"column":82}}]},"14":{"type":"branch","line":73,"loc":{"start":{"line":73,"column":70},"end":{"line":73,"column":78}},"locations":[{"start":{"line":73,"column":70},"end":{"line":73,"column":78}}]},"15":{"type":"branch","line":92,"loc":{"start":{"line":92,"column":97},"end":{"line":109,"column":5}},"locations":[{"start":{"line":92,"column":97},"end":{"line":109,"column":5}}]},"16":{"type":"branch","line":107,"loc":{"start":{"line":107,"column":61},"end":{"line":107,"column":82}},"locations":[{"start":{"line":107,"column":61},"end":{"line":107,"column":82}}]},"17":{"type":"branch","line":108,"loc":{"start":{"line":108,"column":83},"end":{"line":108,"column":107}},"locations":[{"start":{"line":108,"column":83},"end":{"line":108,"column":107}}]},"18":{"type":"branch","line":129,"loc":{"start":{"line":129,"column":24},"end":{"line":129,"column":55}},"locations":[{"start":{"line":129,"column":24},"end":{"line":129,"column":55}}]},"19":{"type":"branch","line":140,"loc":{"start":{"line":140,"column":24},"end":{"line":140,"column":56}},"locations":[{"start":{"line":140,"column":24},"end":{"line":140,"column":56}}]},"20":{"type":"branch","line":151,"loc":{"start":{"line":151,"column":24},"end":{"line":151,"column":59}},"locations":[{"start":{"line":151,"column":24},"end":{"line":151,"column":59}}]},"21":{"type":"branch","line":162,"loc":{"start":{"line":162,"column":24},"end":{"line":162,"column":66}},"locations":[{"start":{"line":162,"column":24},"end":{"line":162,"column":66}}]},"22":{"type":"branch","line":175,"loc":{"start":{"line":175,"column":37},"end":{"line":178,"column":25}},"locations":[{"start":{"line":175,"column":37},"end":{"line":178,"column":25}}]},"23":{"type":"branch","line":190,"loc":{"start":{"line":190,"column":24},"end":{"line":190,"column":65}},"locations":[{"start":{"line":190,"column":24},"end":{"line":190,"column":65}}]},"24":{"type":"branch","line":201,"loc":{"start":{"line":201,"column":26},"end":{"line":201,"column":65}},"locations":[{"start":{"line":201,"column":26},"end":{"line":201,"column":65}}]}},"b":{"0":[23],"1":[4],"2":[4],"3":[0],"4":[5],"5":[1],"6":[4],"7":[1],"8":[3],"9":[1],"10":[2],"11":[0],"12":[2],"13":[0],"14":[0],"15":[1],"16":[0],"17":[0],"18":[2],"19":[2],"20":[3],"21":[3],"22":[38],"23":[2],"24":[3]},"fnMap":{"0":{"name":"SignUp","decl":{"start":{"line":8,"column":15},"end":{"line":223,"column":2}},"loc":{"start":{"line":8,"column":15},"end":{"line":223,"column":2}},"line":8},"1":{"name":"fetchSecurityQuestions","decl":{"start":{"line":30,"column":35},"end":{"line":44,"column":6}},"loc":{"start":{"line":30,"column":35},"end":{"line":44,"column":6}},"line":30},"2":{"name":"handleSignUp","decl":{"start":{"line":50,"column":23},"end":{"line":110,"column":4}},"loc":{"start":{"line":50,"column":23},"end":{"line":110,"column":4}},"line":50},"3":{"name":"onChange","decl":{"start":{"line":129,"column":24},"end":{"line":129,"column":55}},"loc":{"start":{"line":129,"column":24},"end":{"line":129,"column":55}},"line":129},"4":{"name":"onChange","decl":{"start":{"line":140,"column":24},"end":{"line":140,"column":56}},"loc":{"start":{"line":140,"column":24},"end":{"line":140,"column":56}},"line":140},"5":{"name":"onChange","decl":{"start":{"line":151,"column":24},"end":{"line":151,"column":59}},"loc":{"start":{"line":151,"column":24},"end":{"line":151,"column":59}},"line":151},"6":{"name":"onChange","decl":{"start":{"line":162,"column":24},"end":{"line":162,"column":66}},"loc":{"start":{"line":162,"column":24},"end":{"line":162,"column":66}},"line":162},"7":{"name":"onChange","decl":{"start":{"line":172,"column":24},"end":{"line":172,"column":67}},"loc":{"start":{"line":172,"column":24},"end":{"line":172,"column":67}},"line":172},"8":{"name":"onChange","decl":{"start":{"line":190,"column":24},"end":{"line":190,"column":65}},"loc":{"start":{"line":190,"column":24},"end":{"line":190,"column":65}},"line":190},"9":{"name":"onChange","decl":{"start":{"line":201,"column":26},"end":{"line":201,"column":65}},"loc":{"start":{"line":201,"column":26},"end":{"line":201,"column":65}},"line":201}},"f":{"0":23,"1":4,"2":5,"3":2,"4":2,"5":3,"6":3,"7":0,"8":2,"9":3}}
,"/home/nguyen-v/2024-apr-std/PlateTonic/client/src/pages/terms-and-conditions.jsx": {"path":"/home/nguyen-v/2024-apr-std/PlateTonic/client/src/pages/terms-and-conditions.jsx","all":false,"statementMap":{"0":{"start":{"line":1,"column":0},"end":{"line":1,"column":26}},"1":{"start":{"line":2,"column":0},"end":{"line":2,"column":40}},"2":{"start":{"line":3,"column":0},"end":{"line":3,"column":44}},"5":{"start":{"line":6,"column":0},"end":{"line":6,"column":21}},"6":{"start":{"line":7,"column":0},"end":{"line":7,"column":10}},"9":{"start":{"line":10,"column":0},"end":{"line":10,"column":37}},"12":{"start":{"line":13,"column":0},"end":{"line":13,"column":37}},"13":{"start":{"line":14,"column":0},"end":{"line":14,"column":35}},"15":{"start":{"line":16,"column":0},"end":{"line":16,"column":39}},"16":{"start":{"line":17,"column":0},"end":{"line":17,"column":11}},"18":{"start":{"line":19,"column":0},"end":{"line":19,"column":12}},"19":{"start":{"line":20,"column":0},"end":{"line":20,"column":39}},"20":{"start":{"line":21,"column":0},"end":{"line":21,"column":11}},"22":{"start":{"line":23,"column":0},"end":{"line":23,"column":12}},"24":{"start":{"line":25,"column":0},"end":{"line":25,"column":41}},"25":{"start":{"line":26,"column":0},"end":{"line":26,"column":11}},"27":{"start":{"line":28,"column":0},"end":{"line":28,"column":12}},"29":{"start":{"line":30,"column":0},"end":{"line":30,"column":41}},"30":{"start":{"line":31,"column":0},"end":{"line":31,"column":11}},"32":{"start":{"line":33,"column":0},"end":{"line":33,"column":12}},"34":{"start":{"line":35,"column":0},"end":{"line":35,"column":38}},"35":{"start":{"line":36,"column":0},"end":{"line":36,"column":11}},"37":{"start":{"line":38,"column":0},"end":{"line":38,"column":12}},"39":{"start":{"line":40,"column":0},"end":{"line":40,"column":31}},"40":{"start":{"line":41,"column":0},"end":{"line":41,"column":11}},"42":{"start":{"line":43,"column":0},"end":{"line":43,"column":12}},"44":{"start":{"line":45,"column":0},"end":{"line":45,"column":33}},"45":{"start":{"line":46,"column":0},"end":{"line":46,"column":11}},"47":{"start":{"line":48,"column":0},"end":{"line":48,"column":12}},"49":{"start":{"line":50,"column":0},"end":{"line":50,"column":24}},"50":{"start":{"line":51,"column":0},"end":{"line":51,"column":11}},"51":{"start":{"line":52,"column":0},"end":{"line":52,"column":108}},"52":{"start":{"line":53,"column":0},"end":{"line":53,"column":12}},"54":{"start":{"line":55,"column":0},"end":{"line":55,"column":12}},"55":{"start":{"line":56,"column":0},"end":{"line":56,"column":10}},"57":{"start":{"line":58,"column":0},"end":{"line":58,"column":2}},"59":{"start":{"line":60,"column":0},"end":{"line":60,"column":21}}},"s":{"0":1,"1":1,"2":1,"5":1,"6":2,"9":2,"12":2,"13":2,"15":2,"16":2,"18":2,"19":2,"20":2,"22":2,"24":2,"25":2,"27":2,"29":2,"30":2,"32":2,"34":2,"35":2,"37":2,"39":2,"40":2,"42":2,"44":2,"45":2,"47":2,"49":2,"50":2,"51":2,"52":2,"54":2,"55":2,"57":2,"59":1},"branchMap":{"0":{"type":"branch","line":6,"loc":{"start":{"line":6,"column":14},"end":{"line":58,"column":2}},"locations":[{"start":{"line":6,"column":14},"end":{"line":58,"column":2}}]}},"b":{"0":[2]},"fnMap":{"0":{"name":"Terms","decl":{"start":{"line":6,"column":14},"end":{"line":58,"column":2}},"loc":{"start":{"line":6,"column":14},"end":{"line":58,"column":2}},"line":6}},"f":{"0":2}}
}
