TN:
SF:src/App.jsx
FN:26,App
FNF:1
FNH:1
FNDA:4,App
DA:3,1
DA:4,1
DA:5,1
DA:6,1
DA:7,1
DA:8,1
DA:9,1
DA:10,1
DA:11,1
DA:12,1
DA:13,1
DA:14,1
DA:15,1
DA:16,1
DA:17,1
DA:18,1
DA:19,1
DA:20,1
DA:21,1
DA:22,1
DA:23,1
DA:26,4
DA:27,4
DA:28,4
DA:29,4
DA:30,4
DA:31,4
DA:32,4
DA:33,4
DA:34,4
DA:35,4
DA:36,4
DA:37,4
DA:38,4
DA:39,4
DA:40,4
DA:41,4
DA:42,4
DA:43,4
DA:44,4
DA:45,4
DA:46,4
DA:47,4
DA:48,4
DA:49,4
DA:50,4
DA:51,4
DA:52,4
DA:53,4
DA:54,4
DA:56,4
DA:58,1
LF:52
LH:52
BRDA:26,0,0,4
BRF:1
BRH:1
end_of_record
TN:
SF:src/main.jsx
FN:1,(empty-report)
FNF:1
FNH:1
FNDA:1,(empty-report)
DA:3,0
DA:4,0
DA:5,0
DA:6,0
DA:8,0
DA:9,0
DA:10,0
DA:11,0
DA:12,0
LF:9
LH:0
BRDA:1,0,0,1
BRF:1
BRH:1
end_of_record
TN:
SF:src/components/footer.jsx
FN:6,Footer
FNF:1
FNH:1
FNDA:8,Footer
DA:1,1
DA:2,1
DA:3,1
DA:4,1
DA:6,1
DA:7,8
DA:8,8
DA:9,8
DA:10,8
DA:11,8
DA:12,8
DA:13,8
DA:14,8
DA:17,8
DA:18,8
DA:19,8
DA:20,8
DA:21,8
DA:22,8
DA:23,8
DA:24,8
DA:25,8
DA:26,8
DA:27,8
DA:29,8
DA:30,8
DA:31,8
DA:33,8
DA:35,1
LF:29
LH:29
BRDA:6,0,0,8
BRF:1
BRH:1
end_of_record
TN:
SF:src/components/navbar.jsx
FN:6,Navbar
FN:9,toggleMenu
FN:27,onClick
FN:37,onClick
FN:38,onClick
FN:39,onClick
FN:40,onClick
FN:41,onClick
FNF:8
FNH:3
FNDA:11,Navbar
FNDA:2,toggleMenu
FNDA:0,onClick
FNDA:0,onClick
FNDA:1,onClick
FNDA:0,onClick
FNDA:0,onClick
FNDA:0,onClick
DA:1,1
DA:2,1
DA:3,1
DA:4,1
DA:6,1
DA:7,11
DA:9,11
DA:10,2
DA:11,2
DA:13,11
DA:14,11
DA:15,11
DA:17,11
DA:18,11
DA:19,11
DA:20,11
DA:22,11
DA:23,11
DA:26,11
DA:27,11
DA:28,11
DA:29,11
DA:30,11
DA:31,11
DA:32,11
DA:33,11
DA:36,11
DA:37,11
DA:38,11
DA:39,11
DA:40,11
DA:41,11
DA:42,11
DA:45,11
DA:46,11
DA:47,11
DA:48,11
DA:49,11
DA:50,11
DA:51,11
DA:53,11
DA:55,1
LF:42
LH:42
BRDA:6,0,0,11
BRDA:22,1,0,1
BRDA:22,2,0,10
BRDA:36,3,0,1
BRDA:36,4,0,10
BRDA:9,5,0,2
BRDA:10,6,0,2
BRDA:38,7,0,1
BRF:8
BRH:8
end_of_record
TN:
SF:src/contexts/UserAuthContext.jsx
FN:7,UserAuthContextProvider
FN:21,logout
FN:34,useUserAuthContext
FNF:3
FNH:3
FNDA:13,UserAuthContextProvider
FNDA:1,logout
FNDA:5,useUserAuthContext
DA:1,1
DA:4,1
DA:7,1
DA:9,13
DA:10,11
DA:11,13
DA:14,13
DA:15,13
DA:16,3
DA:17,3
DA:18,13
DA:21,13
DA:22,1
DA:23,1
DA:24,1
DA:26,13
DA:27,13
DA:28,13
DA:29,13
DA:31,13
DA:34,1
DA:35,5
DA:36,5
LF:23
LH:23
BRDA:7,0,0,13
BRDA:9,1,0,11
BRDA:10,2,0,9
BRDA:14,3,0,13
BRDA:15,4,0,3
BRDA:21,5,0,1
BRDA:34,6,0,5
BRF:7
BRH:7
end_of_record
TN:
SF:src/pages/about.jsx
FN:11,About
FNF:1
FNH:1
FNDA:2,About
DA:1,1
DA:2,1
DA:5,1
DA:6,1
DA:7,1
DA:8,1
DA:11,1
DA:12,2
DA:13,2
DA:14,2
DA:17,2
DA:18,2
DA:19,2
DA:20,2
DA:21,2
DA:22,2
DA:23,2
DA:24,2
DA:25,2
DA:28,2
DA:29,2
DA:30,2
DA:31,2
DA:32,2
DA:33,2
DA:34,2
DA:35,2
DA:36,2
DA:39,2
DA:40,2
DA:41,2
DA:42,2
DA:43,2
DA:44,2
DA:45,2
DA:46,2
DA:47,2
DA:50,2
DA:51,2
DA:52,2
DA:53,2
DA:54,2
DA:55,2
DA:56,2
DA:57,2
DA:58,2
DA:60,2
DA:62,2
DA:64,1
LF:49
LH:49
BRDA:11,0,0,2
BRF:1
BRH:1
end_of_record
TN:
SF:src/pages/addnewblog.jsx
FN:7,AddNewBlog
FN:25,handleTagsChange
FN:46,handleChange
FN:51,handleSubmit
FN:182,onClick
FNF:5
FNH:4
FNDA:9,AddNewBlog
FNDA:1,handleTagsChange
FNDA:3,handleChange
FNDA:1,handleSubmit
FNDA:0,onClick
DA:1,1
DA:2,1
DA:3,1
DA:4,1
DA:5,1
DA:7,1
DA:9,9
DA:10,9
DA:13,9
DA:14,9
DA:15,9
DA:16,9
DA:17,9
DA:18,9
DA:21,9
DA:22,9
DA:25,9
DA:26,1
DA:27,1
DA:28,1
DA:29,1
DA:30,1
DA:31,0
DA:32,0
DA:33,1
DA:34,1
DA:37,9
DA:38,2
DA:39,2
DA:40,2
DA:41,2
DA:42,2
DA:43,9
DA:46,9
DA:47,3
DA:48,3
DA:51,9
DA:52,1
DA:54,1
DA:56,1
DA:57,1
DA:59,1
DA:60,1
DA:61,1
DA:64,1
DA:66,1
DA:67,1
DA:68,1
DA:69,1
DA:70,1
DA:71,1
DA:74,1
DA:75,1
DA:76,0
DA:77,0
DA:78,0
DA:79,1
DA:82,9
DA:85,7
DA:86,7
DA:88,7
DA:89,7
DA:91,7
DA:92,7
DA:93,7
DA:94,7
DA:95,7
DA:96,7
DA:97,7
DA:98,7
DA:99,7
DA:101,7
DA:102,7
DA:103,7
DA:104,7
DA:105,7
DA:106,7
DA:107,7
DA:108,7
DA:109,7
DA:111,7
DA:112,7
DA:113,7
DA:114,7
DA:115,7
DA:116,7
DA:117,7
DA:118,7
DA:121,7
DA:123,7
DA:124,7
DA:125,7
DA:126,7
DA:127,7
DA:128,7
DA:129,7
DA:131,7
DA:132,7
DA:133,7
DA:134,7
DA:135,7
DA:136,7
DA:137,7
DA:139,7
DA:140,7
DA:141,7
DA:142,7
DA:143,7
DA:144,7
DA:145,7
DA:147,7
DA:148,7
DA:149,7
DA:150,7
DA:151,7
DA:152,7
DA:153,7
DA:155,7
DA:156,7
DA:157,7
DA:158,7
DA:159,7
DA:160,7
DA:161,7
DA:163,7
DA:164,7
DA:165,7
DA:166,7
DA:167,7
DA:168,7
DA:169,7
DA:171,7
DA:174,7
DA:175,7
DA:176,7
DA:180,7
DA:181,7
DA:182,7
DA:183,7
DA:185,7
DA:187,9
DA:188,9
DA:189,9
DA:191,9
DA:193,1
LF:145
LH:140
BRDA:7,0,0,9
BRDA:82,1,0,2
BRDA:82,2,0,7
BRDA:187,3,0,0
BRDA:188,4,0,0
BRDA:25,5,0,1
BRDA:27,6,0,1
BRDA:30,7,0,0
BRDA:37,8,0,2
BRDA:46,9,0,3
BRDA:51,10,0,1
BRDA:75,11,0,0
BRF:12
BRH:8
end_of_record
TN:
SF:src/pages/addnewmeal.jsx
FN:6,AddMeal
FN:28,handlePreferenceChange
FN:40,handleChange
FN:46,handleImageChange
FN:51,handleSubmit
FN:232,onClick
FNF:6
FNH:5
FNDA:11,AddMeal
FNDA:1,handlePreferenceChange
FNDA:7,handleChange
FNDA:1,handleImageChange
FNDA:1,handleSubmit
FNDA:0,onClick
DA:1,1
DA:2,1
DA:3,1
DA:4,1
DA:6,1
DA:8,11
DA:9,11
DA:10,11
DA:11,11
DA:12,11
DA:13,11
DA:14,11
DA:15,11
DA:16,11
DA:17,11
DA:19,11
DA:22,11
DA:25,11
DA:28,11
DA:29,1
DA:30,1
DA:31,1
DA:32,1
DA:33,1
DA:34,0
DA:35,0
DA:36,1
DA:37,1
DA:40,11
DA:42,7
DA:43,7
DA:46,11
DA:47,1
DA:48,1
DA:51,11
DA:52,1
DA:55,1
DA:56,1
DA:57,0
DA:58,0
DA:59,0
DA:60,0
DA:64,1
DA:65,1
DA:66,1
DA:67,1
DA:68,1
DA:69,1
DA:70,1
DA:71,1
DA:72,1
DA:74,0
DA:75,0
DA:76,0
DA:78,1
DA:79,1
DA:80,1
DA:81,1
DA:82,1
DA:83,1
DA:84,1
DA:85,1
DA:86,1
DA:87,1
DA:89,1
DA:90,1
DA:91,1
DA:92,1
DA:93,1
DA:94,1
DA:96,1
DA:97,1
DA:98,1
DA:99,1
DA:100,0
DA:101,0
DA:102,0
DA:103,1
DA:106,11
DA:108,11
DA:109,11
DA:110,11
DA:114,11
DA:115,11
DA:116,11
DA:117,11
DA:118,11
DA:119,11
DA:120,11
DA:122,11
DA:123,11
DA:124,11
DA:125,11
DA:126,11
DA:127,11
DA:129,11
DA:130,11
DA:131,11
DA:132,11
DA:133,11
DA:134,11
DA:135,11
DA:138,11
DA:139,11
DA:140,11
DA:141,11
DA:142,11
DA:143,11
DA:144,11
DA:145,11
DA:146,11
DA:147,11
DA:149,11
DA:150,11
DA:151,11
DA:152,11
DA:153,11
DA:154,11
DA:155,11
DA:157,11
DA:158,11
DA:159,11
DA:160,11
DA:161,11
DA:162,11
DA:163,11
DA:165,11
DA:166,11
DA:167,11
DA:168,11
DA:169,11
DA:170,11
DA:171,11
DA:173,11
DA:174,11
DA:175,11
DA:176,11
DA:177,11
DA:178,11
DA:179,11
DA:182,11
DA:184,11
DA:185,11
DA:186,11
DA:187,11
DA:188,11
DA:189,11
DA:190,11
DA:192,11
DA:193,11
DA:194,11
DA:195,11
DA:196,11
DA:197,11
DA:198,11
DA:200,11
DA:201,11
DA:202,11
DA:203,11
DA:204,11
DA:205,11
DA:206,11
DA:208,11
DA:209,11
DA:210,11
DA:211,11
DA:212,11
DA:213,11
DA:214,11
DA:216,11
DA:217,11
DA:218,11
DA:219,11
DA:220,11
DA:221,11
DA:222,11
DA:224,11
DA:227,11
DA:228,11
DA:229,11
DA:231,11
DA:232,11
DA:233,11
DA:235,11
DA:236,11
DA:238,11
DA:240,1
LF:187
LH:175
BRDA:6,0,0,11
BRDA:28,1,0,1
BRDA:30,2,0,1
BRDA:33,3,0,0
BRDA:40,4,0,7
BRDA:46,5,0,1
BRDA:51,6,0,1
BRDA:56,7,0,0
BRDA:72,8,0,0
BRDA:99,9,0,0
BRF:10
BRH:6
end_of_record
TN:
SF:src/pages/blog.jsx
FN:6,Blog
FN:25,fetchBlogs
FN:53,handleFilterChange
FN:103,onClick
FN:123,onClick
FNF:5
FNH:4
FNDA:24,Blog
FNDA:9,fetchBlogs
FNDA:2,handleFilterChange
FNDA:0,onClick
FNDA:1,onClick
DA:1,1
DA:2,1
DA:3,1
DA:4,1
DA:6,1
DA:8,24
DA:11,24
DA:14,24
DA:17,24
DA:19,24
DA:22,24
DA:25,9
DA:26,9
DA:27,9
DA:28,9
DA:29,0
DA:30,0
DA:31,8
DA:32,8
DA:33,9
DA:34,1
DA:35,1
DA:36,1
DA:37,9
DA:39,9
DA:42,9
DA:44,9
DA:46,8
DA:47,8
DA:48,8
DA:49,8
DA:50,24
DA:53,24
DA:54,2
DA:55,2
DA:57,2
DA:58,2
DA:59,2
DA:62,24
DA:63,1
DA:64,2
DA:65,2
DA:66,2
DA:67,1
DA:68,23
DA:70,24
DA:71,24
DA:73,24
DA:76,24
DA:77,24
DA:78,24
DA:79,24
DA:81,24
DA:82,24
DA:83,24
DA:84,24
DA:85,24
DA:86,24
DA:88,24
DA:89,144
DA:90,144
DA:91,144
DA:92,144
DA:93,144
DA:94,144
DA:95,24
DA:96,24
DA:97,24
DA:100,24
DA:101,15
DA:102,15
DA:103,15
DA:104,15
DA:105,15
DA:109,24
DA:110,24
DA:112,24
DA:114,24
DA:115,24
DA:116,6
DA:117,11
DA:118,11
DA:119,11
DA:120,11
DA:121,11
DA:122,11
DA:123,11
DA:124,11
DA:125,11
DA:126,6
DA:129,18
DA:132,24
DA:133,24
DA:134,24
DA:136,24
DA:138,1
LF:96
LH:94
BRDA:6,0,0,24
BRDA:62,1,0,1
BRDA:67,2,0,23
BRDA:100,3,0,15
BRDA:112,4,0,1
BRDA:115,5,0,6
BRDA:126,6,0,18
BRDA:22,7,0,9
BRDA:44,8,0,8
BRDA:25,9,0,9
BRDA:27,10,0,8
BRDA:28,11,0,0
BRDA:30,12,0,8
BRDA:33,13,0,1
BRDA:53,14,0,2
BRDA:55,15,0,2
BRDA:57,16,0,1
BRDA:57,17,0,1
BRDA:57,18,0,1
BRDA:63,19,0,2
BRDA:64,20,0,2
BRDA:88,21,0,144
BRDA:116,22,0,11
BRDA:123,23,0,1
BRF:24
BRH:23
end_of_record
TN:
SF:src/pages/blogdetails.jsx
FN:7,BlogDetail
FN:20,fetchBlog
FN:42,handleRemoveBlog
FN:94,onClick
FN:110,onClick
FN:120,onClick
FNF:6
FNH:4
FNDA:10,BlogDetail
FNDA:3,fetchBlog
FNDA:0,handleRemoveBlog
FNDA:1,onClick
FNDA:0,onClick
FNDA:1,onClick
DA:1,1
DA:2,1
DA:3,1
DA:4,1
DA:5,1
DA:7,1
DA:8,10
DA:9,10
DA:12,10
DA:13,10
DA:16,10
DA:19,10
DA:20,3
DA:21,3
DA:22,3
DA:23,3
DA:24,3
DA:25,3
DA:26,0
DA:27,0
DA:28,3
DA:30,3
DA:33,3
DA:34,3
DA:35,3
DA:36,3
DA:37,3
DA:39,10
DA:42,10
DA:43,0
DA:45,0
DA:46,0
DA:47,0
DA:48,0
DA:50,0
DA:51,0
DA:52,0
DA:53,0
DA:54,0
DA:55,0
DA:56,0
DA:58,10
DA:59,6
DA:60,6
DA:62,4
DA:63,4
DA:65,4
DA:67,4
DA:70,4
DA:72,4
DA:73,4
DA:74,4
DA:76,4
DA:77,4
DA:78,4
DA:80,4
DA:81,4
DA:82,4
DA:84,4
DA:85,4
DA:86,4
DA:87,4
DA:88,4
DA:91,4
DA:92,4
DA:93,4
DA:94,4
DA:95,4
DA:98,4
DA:99,1
DA:101,1
DA:103,1
DA:105,1
DA:106,1
DA:107,1
DA:109,1
DA:110,1
DA:111,1
DA:113,1
DA:115,4
DA:119,10
DA:120,10
DA:121,10
DA:123,10
DA:124,10
DA:126,10
DA:128,1
LF:87
LH:73
BRDA:7,0,0,10
BRDA:58,1,0,6
BRDA:60,2,0,4
BRDA:98,3,0,1
BRDA:19,4,0,3
BRDA:20,5,0,3
BRDA:25,6,0,0
BRDA:85,7,0,4
BRDA:94,8,0,1
BRDA:120,9,0,1
BRF:10
BRH:9
end_of_record
TN:
SF:src/pages/contact.jsx
FN:8,Contact
FN:11,handleSubmit
FNF:2
FNH:2
FNDA:3,Contact
FNDA:1,handleSubmit
DA:1,1
DA:2,1
DA:5,1
DA:8,1
DA:11,3
DA:12,1
DA:13,1
DA:14,1
DA:15,1
DA:17,3
DA:20,3
DA:23,3
DA:25,3
DA:26,3
DA:27,3
DA:30,3
DA:32,3
DA:33,3
DA:35,3
DA:36,3
DA:37,3
DA:38,3
DA:39,3
DA:40,3
DA:41,3
DA:43,3
DA:44,3
DA:46,3
DA:47,3
DA:48,3
DA:49,3
DA:50,3
DA:51,3
DA:52,3
DA:54,3
DA:55,3
DA:57,3
DA:58,3
DA:59,3
DA:60,3
DA:61,3
DA:62,3
DA:63,3
DA:66,3
DA:67,3
DA:69,3
DA:71,3
DA:72,3
DA:75,3
DA:76,3
DA:77,3
DA:78,3
DA:79,3
DA:81,3
DA:84,3
DA:85,3
DA:87,3
DA:89,3
DA:91,3
DA:93,3
DA:95,3
DA:96,3
DA:98,3
DA:100,1
LF:64
LH:64
BRDA:8,0,0,3
BRDA:11,1,0,1
BRF:2
BRH:2
end_of_record
TN:
SF:src/pages/dashboard.jsx
FN:8,Dashboard
FN:43,fetchUserData
FN:103,removeMeal
FN:133,handleUpdateUserDetails
FN:171,handleChangePassword
FN:225,handleLogout
FN:238,onClick
FN:242,onClick
FN:246,onClick
FN:250,onClick
FN:274,onChange
FN:276,onClick
FN:287,onChange
FN:289,onClick
FN:365,onClick
FN:376,onClick
FN:386,onClick
FN:399,onChange
FN:406,onChange
FNF:19
FNH:8
FNDA:15,Dashboard
FNDA:4,fetchUserData
FNDA:1,removeMeal
FNDA:0,handleUpdateUserDetails
FNDA:0,handleChangePassword
FNDA:1,handleLogout
FNDA:0,onClick
FNDA:1,onClick
FNDA:2,onClick
FNDA:1,onClick
FNDA:0,onChange
FNDA:0,onClick
FNDA:0,onChange
FNDA:0,onClick
FNDA:0,onClick
FNDA:1,onClick
FNDA:0,onClick
FNDA:0,onChange
FNDA:0,onChange
DA:1,1
DA:2,1
DA:3,1
DA:4,1
DA:5,1
DA:8,1
DA:10,15
DA:13,15
DA:14,15
DA:17,15
DA:18,15
DA:19,15
DA:20,15
DA:21,15
DA:22,15
DA:23,15
DA:24,15
DA:27,15
DA:28,15
DA:29,15
DA:30,15
DA:32,15
DA:33,15
DA:34,15
DA:35,15
DA:38,15
DA:39,15
DA:42,15
DA:43,4
DA:44,4
DA:47,4
DA:48,0
DA:49,0
DA:50,0
DA:51,0
DA:54,4
DA:55,4
DA:58,4
DA:59,4
DA:60,4
DA:61,4
DA:63,4
DA:64,4
DA:67,4
DA:68,4
DA:69,4
DA:70,4
DA:71,4
DA:72,4
DA:73,4
DA:74,4
DA:77,4
DA:78,4
DA:79,4
DA:80,4
DA:81,4
DA:82,4
DA:85,4
DA:86,4
DA:87,0
DA:88,0
DA:89,4
DA:91,4
DA:92,15
DA:95,15
DA:96,8
DA:97,8
DA:98,8
DA:99,8
DA:100,15
DA:103,15
DA:104,1
DA:105,1
DA:106,0
DA:107,0
DA:108,0
DA:111,1
DA:112,1
DA:113,1
DA:116,1
DA:117,1
DA:118,1
DA:119,1
DA:122,1
DA:123,1
DA:126,1
DA:127,1
DA:128,0
DA:129,0
DA:130,1
DA:133,15
DA:134,0
DA:135,0
DA:136,0
DA:137,0
DA:138,0
DA:141,0
DA:142,0
DA:143,0
DA:146,0
DA:147,0
DA:148,0
DA:151,0
DA:152,0
DA:153,0
DA:156,0
DA:158,0
DA:159,0
DA:160,0
DA:161,0
DA:162,0
DA:163,0
DA:164,0
DA:165,0
DA:166,0
DA:167,0
DA:168,0
DA:171,15
DA:172,0
DA:173,0
DA:174,0
DA:175,0
DA:176,0
DA:179,0
DA:180,0
DA:181,0
DA:182,0
DA:185,0
DA:186,0
DA:187,0
DA:188,0
DA:191,0
DA:192,0
DA:193,0
DA:194,0
DA:197,0
DA:198,0
DA:199,0
DA:202,0
DA:203,0
DA:204,0
DA:205,0
DA:206,0
DA:207,0
DA:208,0
DA:211,0
DA:212,0
DA:213,0
DA:214,0
DA:215,0
DA:216,0
DA:217,0
DA:218,0
DA:219,0
DA:220,0
DA:221,0
DA:222,0
DA:225,15
DA:226,1
DA:227,1
DA:228,1
DA:229,1
DA:232,15
DA:233,15
DA:234,15
DA:237,15
DA:238,15
DA:239,15
DA:240,15
DA:242,15
DA:243,15
DA:244,15
DA:246,15
DA:247,15
DA:248,15
DA:250,15
DA:251,15
DA:252,15
DA:254,15
DA:255,15
DA:256,15
DA:258,15
DA:261,15
DA:263,15
DA:264,5
DA:265,5
DA:267,5
DA:268,5
DA:269,5
DA:270,5
DA:271,5
DA:272,5
DA:273,5
DA:274,5
DA:275,5
DA:276,5
DA:277,5
DA:278,5
DA:280,5
DA:281,5
DA:282,5
DA:283,5
DA:284,5
DA:285,5
DA:286,5
DA:287,5
DA:288,5
DA:289,5
DA:290,5
DA:291,5
DA:293,5
DA:294,5
DA:295,5
DA:297,5
DA:298,5
DA:299,5
DA:301,5
DA:302,5
DA:303,5
DA:305,5
DA:306,5
DA:307,5
DA:309,5
DA:312,10
DA:313,3
DA:314,3
DA:316,3
DA:317,3
DA:318,3
DA:320,3
DA:321,3
DA:322,3
DA:324,3
DA:325,3
DA:326,3
DA:328,3
DA:329,3
DA:330,3
DA:332,3
DA:333,3
DA:334,3
DA:336,3
DA:337,3
DA:338,3
DA:340,3
DA:341,3
DA:342,3
DA:344,3
DA:345,3
DA:346,3
DA:348,3
DA:351,7
DA:352,6
DA:353,6
DA:356,6
DA:359,2
DA:362,2
DA:363,2
DA:364,2
DA:365,2
DA:366,2
DA:367,2
DA:368,2
DA:369,2
DA:370,2
DA:371,2
DA:372,2
DA:375,2
DA:376,2
DA:377,2
DA:379,2
DA:380,2
DA:381,2
DA:385,6
DA:386,6
DA:387,6
DA:388,6
DA:391,1
DA:392,1
DA:393,1
DA:394,1
DA:396,1
DA:397,1
DA:398,1
DA:399,1
DA:400,1
DA:401,1
DA:403,1
DA:404,1
DA:405,1
DA:406,1
DA:407,1
DA:408,1
DA:410,1
DA:411,1
DA:412,1
DA:414,1
DA:415,1
DA:416,15
DA:417,15
DA:418,15
DA:419,15
DA:421,15
DA:423,1
LF:304
LH:228
BRDA:8,0,0,15
BRDA:263,1,0,5
BRDA:309,2,0,10
BRDA:312,3,0,3
BRDA:348,4,0,7
BRDA:351,5,0,6
BRDA:356,6,0,4
BRDA:356,7,0,2
BRDA:388,8,0,1
BRDA:415,9,0,0
BRDA:42,10,0,4
BRDA:43,11,0,4
BRDA:47,12,0,0
BRDA:68,13,0,0
BRDA:69,14,0,0
BRDA:70,15,0,0
BRDA:71,16,0,0
BRDA:72,17,0,0
BRDA:73,18,0,0
BRDA:78,19,0,0
BRDA:79,20,0,0
BRDA:80,21,0,0
BRDA:81,22,0,0
BRDA:85,23,0,0
BRDA:86,24,0,0
BRDA:95,25,0,8
BRDA:96,26,0,3
BRDA:96,27,0,0
BRDA:97,28,0,3
BRDA:98,29,0,3
BRDA:99,30,0,3
BRDA:103,31,0,1
BRDA:105,32,0,0
BRDA:127,33,0,0
BRDA:122,34,0,1
BRDA:225,35,0,1
BRDA:242,36,0,1
BRDA:246,37,0,2
BRDA:250,38,0,1
BRDA:362,39,0,2
BRDA:376,40,0,1
BRF:41
BRH:24
end_of_record
TN:
SF:src/pages/forgetpassword.jsx
FN:8,ForgetPassword
FN:20,handleEmailSubmit
FN:41,handleSecurityAnswerSubmit
FN:62,handlePasswordReset
FN:115,onChange
FN:141,onChange
FN:165,onChange
FN:176,onChange
FNF:8
FNH:8
FNDA:17,ForgetPassword
FNDA:3,handleEmailSubmit
FNDA:2,handleSecurityAnswerSubmit
FNDA:1,handlePasswordReset
FNDA:3,onChange
FNDA:2,onChange
FNDA:1,onChange
FNDA:1,onChange
DA:1,1
DA:2,1
DA:3,1
DA:4,1
DA:5,1
DA:8,1
DA:11,17
DA:12,17
DA:13,17
DA:14,17
DA:15,17
DA:16,17
DA:17,17
DA:20,17
DA:21,3
DA:22,3
DA:23,3
DA:24,3
DA:25,3
DA:28,3
DA:29,3
DA:30,3
DA:31,3
DA:32,0
DA:33,0
DA:34,3
DA:35,0
DA:36,0
DA:37,0
DA:38,3
DA:41,17
DA:42,2
DA:43,2
DA:44,2
DA:45,2
DA:46,2
DA:47,2
DA:50,2
DA:51,2
DA:52,2
DA:53,0
DA:54,0
DA:55,2
DA:56,0
DA:57,0
DA:58,0
DA:59,2
DA:62,17
DA:63,1
DA:64,1
DA:65,0
DA:66,0
DA:67,0
DA:69,1
DA:70,0
DA:71,0
DA:72,0
DA:75,1
DA:76,1
DA:77,1
DA:78,1
DA:79,1
DA:81,1
DA:82,1
DA:83,1
DA:84,1
DA:85,0
DA:86,0
DA:87,1
DA:88,0
DA:89,0
DA:90,0
DA:91,1
DA:94,17
DA:95,17
DA:96,17
DA:98,17
DA:101,17
DA:102,7
DA:103,7
DA:104,7
DA:106,7
DA:107,7
DA:108,7
DA:110,7
DA:111,7
DA:112,7
DA:113,7
DA:114,7
DA:115,7
DA:116,3
DA:117,7
DA:118,7
DA:119,7
DA:120,7
DA:122,7
DA:123,7
DA:124,7
DA:128,17
DA:129,5
DA:130,5
DA:131,5
DA:132,5
DA:133,5
DA:134,5
DA:136,5
DA:137,5
DA:138,5
DA:139,5
DA:140,5
DA:141,5
DA:142,2
DA:143,5
DA:144,5
DA:145,5
DA:146,5
DA:148,5
DA:149,5
DA:150,5
DA:154,17
DA:155,5
DA:156,5
DA:157,5
DA:159,5
DA:160,5
DA:161,5
DA:162,5
DA:163,5
DA:164,5
DA:165,5
DA:166,5
DA:167,5
DA:168,5
DA:170,5
DA:171,5
DA:172,5
DA:173,5
DA:174,5
DA:175,5
DA:176,5
DA:177,5
DA:178,5
DA:179,5
DA:181,5
DA:182,5
DA:183,5
DA:184,5
DA:185,5
DA:189,17
DA:190,12
DA:192,12
DA:193,12
DA:196,17
DA:197,17
DA:199,17
DA:201,1
LF:156
LH:135
BRDA:8,0,0,17
BRDA:101,1,0,7
BRDA:128,2,0,5
BRDA:154,3,0,5
BRDA:189,4,0,12
BRDA:20,5,0,3
BRDA:31,6,0,0
BRDA:34,7,0,0
BRDA:41,8,0,2
BRDA:52,9,0,0
BRDA:55,10,0,0
BRDA:62,11,0,1
BRDA:64,12,0,0
BRDA:69,13,0,0
BRDA:84,14,0,0
BRDA:87,15,0,0
BRDA:115,16,0,3
BRDA:141,17,0,2
BRDA:165,18,0,1
BRDA:176,19,0,1
BRF:20
BRH:12
end_of_record
TN:
SF:src/pages/getstarted.jsx
FN:8,GetStarted
FN:52,handleSubmit
FN:156,onChange
FN:167,onChange
FN:178,onChange
FN:188,onChange
FN:200,onChange
FN:215,onChange
FN:237,onClick
FN:240,onClick
FNF:10
FNH:10
FNDA:29,GetStarted
FNDA:3,handleSubmit
FNDA:3,onChange
FNDA:3,onChange
FNDA:3,onChange
FNDA:3,onChange
FNDA:3,onChange
FNDA:3,onChange
FNDA:1,onClick
FNDA:1,onClick
DA:1,1
DA:2,1
DA:3,1
DA:4,1
DA:5,1
DA:8,1
DA:9,29
DA:12,29
DA:13,29
DA:14,29
DA:15,29
DA:16,29
DA:17,29
DA:20,29
DA:21,29
DA:22,29
DA:25,29
DA:28,29
DA:29,4
DA:30,4
DA:31,0
DA:32,0
DA:33,4
DA:34,29
DA:37,29
DA:38,29
DA:39,29
DA:40,29
DA:41,29
DA:42,29
DA:43,29
DA:45,29
DA:46,29
DA:47,29
DA:48,29
DA:49,29
DA:52,29
DA:53,3
DA:56,3
DA:57,3
DA:58,3
DA:59,3
DA:60,3
DA:61,3
DA:62,3
DA:63,3
DA:64,3
DA:65,3
DA:68,3
DA:69,3
DA:71,3
DA:72,3
DA:75,3
DA:76,0
DA:77,0
DA:80,0
DA:83,0
DA:86,0
DA:87,0
DA:88,0
DA:89,0
DA:90,0
DA:91,0
DA:94,0
DA:95,0
DA:96,0
DA:97,0
DA:98,0
DA:99,0
DA:100,3
DA:103,3
DA:104,3
DA:105,3
DA:106,3
DA:107,3
DA:108,3
DA:112,3
DA:115,3
DA:116,3
DA:119,3
DA:120,3
DA:121,3
DA:122,3
DA:123,3
DA:124,3
DA:127,3
DA:129,3
DA:130,0
DA:131,0
DA:132,3
DA:135,29
DA:136,4
DA:137,4
DA:140,25
DA:141,25
DA:142,25
DA:144,25
DA:145,25
DA:147,25
DA:150,25
DA:151,25
DA:152,25
DA:153,25
DA:154,25
DA:155,25
DA:156,25
DA:157,25
DA:158,25
DA:159,25
DA:161,25
DA:162,25
DA:163,25
DA:164,25
DA:165,25
DA:166,25
DA:167,25
DA:168,25
DA:169,25
DA:170,25
DA:172,25
DA:173,25
DA:174,25
DA:175,25
DA:176,25
DA:177,25
DA:178,25
DA:179,25
DA:180,25
DA:181,25
DA:183,25
DA:184,25
DA:185,25
DA:186,25
DA:187,25
DA:188,25
DA:189,25
DA:190,25
DA:191,25
DA:192,25
DA:195,25
DA:196,25
DA:197,25
DA:198,25
DA:199,25
DA:200,25
DA:201,25
DA:202,25
DA:203,25
DA:204,25
DA:205,25
DA:206,25
DA:207,25
DA:210,25
DA:211,25
DA:212,25
DA:213,25
DA:214,25
DA:215,25
DA:216,25
DA:217,25
DA:218,25
DA:219,25
DA:220,25
DA:222,25
DA:223,25
DA:226,25
DA:227,3
DA:228,3
DA:229,3
DA:231,3
DA:232,3
DA:233,3
DA:234,3
DA:237,3
DA:240,3
DA:241,3
DA:242,3
DA:244,29
DA:246,29
DA:248,1
LF:180
LH:160
BRDA:8,0,0,29
BRDA:135,1,0,4
BRDA:137,2,0,25
BRDA:226,3,0,3
BRDA:28,4,0,4
BRDA:30,5,0,0
BRDA:52,6,0,3
BRDA:69,7,0,0
BRDA:75,8,0,0
BRDA:75,9,0,0
BRDA:129,10,0,0
BRDA:156,11,0,3
BRDA:167,12,0,3
BRDA:178,13,0,3
BRDA:188,14,0,3
BRDA:200,15,0,3
BRDA:215,16,0,3
BRDA:237,17,0,1
BRDA:240,18,0,1
BRF:19
BRH:14
end_of_record
TN:
SF:src/pages/homepage.jsx
FN:16,Homepage
FNF:1
FNH:1
FNDA:10,Homepage
DA:1,1
DA:2,1
DA:3,1
DA:4,1
DA:7,1
DA:8,1
DA:9,1
DA:10,1
DA:11,1
DA:12,1
DA:13,1
DA:16,1
DA:18,10
DA:20,10
DA:22,10
DA:23,10
DA:24,10
DA:26,10
DA:27,10
DA:29,10
DA:30,10
DA:31,10
DA:34,10
DA:35,10
DA:36,10
DA:39,10
DA:41,10
DA:42,10
DA:43,10
DA:44,10
DA:45,10
DA:47,10
DA:48,10
DA:49,10
DA:50,10
DA:51,10
DA:53,10
DA:54,10
DA:55,10
DA:56,10
DA:57,10
DA:59,10
DA:62,10
DA:63,10
DA:65,10
DA:67,10
DA:68,10
DA:69,10
DA:70,10
DA:71,10
DA:73,10
DA:74,10
DA:75,10
DA:76,10
DA:77,10
DA:79,10
DA:80,10
DA:81,10
DA:82,10
DA:83,10
DA:84,10
DA:86,10
DA:89,10
DA:90,10
DA:91,10
DA:94,10
DA:95,10
DA:97,10
DA:98,10
DA:99,10
DA:100,10
DA:101,10
DA:102,10
DA:104,10
DA:105,10
DA:106,10
DA:107,10
DA:108,10
DA:110,10
DA:111,10
DA:112,10
DA:113,10
DA:114,10
DA:115,10
DA:117,10
DA:118,10
DA:120,10
DA:122,1
LF:88
LH:88
BRDA:16,0,0,10
BRF:1
BRH:1
end_of_record
TN:
SF:src/pages/login.jsx
FN:9,Login
FN:28,handleLogin
FN:70,onChange
FN:81,onChange
FNF:4
FNH:4
FNDA:12,Login
FNDA:2,handleLogin
FNDA:2,onChange
FNDA:2,onChange
DA:1,1
DA:2,1
DA:3,1
DA:4,1
DA:5,1
DA:6,1
DA:9,1
DA:12,12
DA:15,12
DA:16,12
DA:17,12
DA:18,12
DA:21,12
DA:22,7
DA:23,7
DA:24,1
DA:25,1
DA:26,12
DA:28,12
DA:29,2
DA:32,2
DA:33,2
DA:34,2
DA:35,2
DA:36,2
DA:38,1
DA:41,1
DA:42,1
DA:43,1
DA:44,1
DA:45,1
DA:46,1
DA:47,1
DA:48,2
DA:50,12
DA:53,12
DA:54,12
DA:57,12
DA:58,12
DA:59,12
DA:62,12
DA:64,12
DA:65,12
DA:66,12
DA:67,12
DA:68,12
DA:69,12
DA:70,12
DA:71,12
DA:72,12
DA:73,12
DA:75,12
DA:76,12
DA:77,12
DA:78,12
DA:79,12
DA:80,12
DA:81,12
DA:82,12
DA:83,12
DA:84,12
DA:86,12
DA:87,12
DA:88,12
DA:90,12
DA:91,12
DA:92,12
DA:94,12
DA:97,12
DA:99,12
DA:100,12
DA:102,12
DA:103,12
DA:105,12
DA:107,1
LF:75
LH:75
BRDA:9,0,0,12
BRDA:59,1,0,1
BRDA:21,2,0,7
BRDA:23,3,0,1
BRDA:28,4,0,2
BRDA:36,5,0,1
BRDA:70,6,0,2
BRDA:81,7,0,2
BRF:8
BRH:8
end_of_record
TN:
SF:src/pages/mealdetails.jsx
FN:8,MealDetail
FN:25,fetchMealDetails
FN:47,handleRemoveMeal
FN:119,onClick
FN:133,onClick
FN:142,onClick
FNF:6
FNH:6
FNDA:16,MealDetail
FNDA:5,fetchMealDetails
FNDA:1,handleRemoveMeal
FNDA:2,onClick
FNDA:1,onClick
FNDA:1,onClick
DA:1,1
DA:2,1
DA:3,1
DA:4,1
DA:5,1
DA:8,1
DA:11,16
DA:14,16
DA:17,16
DA:18,16
DA:21,16
DA:24,16
DA:25,5
DA:26,5
DA:27,5
DA:28,5
DA:29,5
DA:30,0
DA:31,0
DA:32,5
DA:34,5
DA:37,5
DA:38,5
DA:39,5
DA:40,5
DA:41,5
DA:42,5
DA:44,16
DA:47,16
DA:48,1
DA:49,1
DA:50,1
DA:51,1
DA:52,1
DA:53,1
DA:54,1
DA:55,0
DA:56,0
DA:57,0
DA:58,1
DA:60,16
DA:62,8
DA:63,8
DA:65,8
DA:66,8
DA:68,8
DA:71,8
DA:72,8
DA:75,8
DA:76,16
DA:77,16
DA:78,16
DA:79,16
DA:80,16
DA:82,16
DA:83,16
DA:84,16
DA:85,16
DA:86,4
DA:87,16
DA:88,16
DA:89,16
DA:91,16
DA:92,16
DA:93,16
DA:94,9
DA:95,16
DA:96,16
DA:98,16
DA:99,16
DA:100,16
DA:101,16
DA:102,16
DA:103,16
DA:104,16
DA:105,16
DA:106,16
DA:107,16
DA:108,16
DA:109,16
DA:110,16
DA:111,16
DA:112,16
DA:113,16
DA:116,16
DA:117,6
DA:118,6
DA:119,6
DA:120,6
DA:121,6
DA:124,6
DA:125,2
DA:126,2
DA:128,2
DA:129,2
DA:130,2
DA:132,2
DA:133,2
DA:134,2
DA:135,2
DA:137,6
DA:141,16
DA:142,16
DA:143,16
DA:145,16
DA:146,16
DA:148,16
DA:150,1
LF:108
LH:103
BRDA:8,0,0,16
BRDA:60,1,0,8
BRDA:76,2,0,7
BRDA:116,3,0,6
BRDA:124,4,0,2
BRDA:24,5,0,5
BRDA:25,6,0,5
BRDA:29,7,0,0
BRDA:47,8,0,1
BRDA:54,9,0,0
BRDA:85,10,0,4
BRDA:93,11,0,9
BRDA:119,12,0,2
BRDA:133,13,0,1
BRDA:142,14,0,1
BRF:15
BRH:13
end_of_record
TN:
SF:src/pages/menu.jsx
FN:8,Menu
FN:34,fetchMeals
FN:72,fetchUserData
FN:116,handleFilterChange
FN:124,handleSelectMeal
FN:154,handleRemoveMeal
FN:206,onClick
FN:245,onClick
FN:300,onClick
FN:305,onClick
FN:311,onClick
FN:314,onClick
FNF:12
FNH:6
FNDA:28,Menu
FNDA:7,fetchMeals
FNDA:4,fetchUserData
FNDA:1,handleFilterChange
FNDA:0,handleSelectMeal
FNDA:0,handleRemoveMeal
FNDA:0,onClick
FNDA:1,onClick
FNDA:0,onClick
FNDA:0,onClick
FNDA:0,onClick
FNDA:1,onClick
DA:1,1
DA:2,1
DA:3,1
DA:4,1
DA:5,1
DA:8,1
DA:11,28
DA:12,28
DA:13,28
DA:14,28
DA:17,28
DA:18,28
DA:19,28
DA:20,28
DA:21,28
DA:22,28
DA:23,28
DA:24,28
DA:27,28
DA:30,28
DA:33,28
DA:34,7
DA:35,7
DA:36,7
DA:37,4
DA:38,4
DA:41,7
DA:42,4
DA:43,4
DA:44,4
DA:45,7
DA:46,0
DA:47,0
DA:48,7
DA:50,7
DA:52,7
DA:55,7
DA:56,3
DA:59,3
DA:60,0
DA:61,0
DA:62,3
DA:63,3
DA:64,3
DA:67,4
DA:68,4
DA:69,4
DA:72,4
DA:73,4
DA:74,4
DA:75,4
DA:76,4
DA:77,0
DA:80,0
DA:81,0
DA:82,0
DA:83,0
DA:84,0
DA:85,0
DA:88,0
DA:89,0
DA:90,0
DA:91,4
DA:92,4
DA:93,4
DA:94,4
DA:95,4
DA:97,4
DA:99,28
DA:102,28
DA:103,12
DA:104,1
DA:105,1
DA:106,2
DA:107,1
DA:108,1
DA:109,12
DA:110,11
DA:111,11
DA:113,28
DA:116,28
DA:117,1
DA:118,1
DA:119,1
DA:120,1
DA:121,1
DA:124,28
DA:125,0
DA:128,0
DA:129,0
DA:130,0
DA:131,0
DA:134,0
DA:135,0
DA:136,0
DA:137,0
DA:140,0
DA:141,0
DA:142,0
DA:143,0
DA:144,0
DA:145,0
DA:146,0
DA:147,0
DA:148,0
DA:149,0
DA:150,0
DA:151,0
DA:154,28
DA:155,0
DA:158,0
DA:159,0
DA:160,0
DA:161,0
DA:162,0
DA:165,0
DA:166,0
DA:167,0
DA:170,0
DA:171,0
DA:172,0
DA:175,0
DA:176,0
DA:177,0
DA:180,0
DA:181,0
DA:182,0
DA:183,0
DA:184,0
DA:187,28
DA:188,19
DA:189,19
DA:192,9
DA:193,9
DA:194,9
DA:196,9
DA:197,9
DA:198,9
DA:199,9
DA:200,9
DA:201,9
DA:202,9
DA:203,9
DA:205,0
DA:206,0
DA:207,0
DA:210,28
DA:211,0
DA:212,0
DA:213,0
DA:214,0
DA:215,0
DA:216,0
DA:218,28
DA:220,28
DA:221,28
DA:222,28
DA:223,28
DA:224,28
DA:225,28
DA:226,28
DA:227,28
DA:228,45
DA:229,45
DA:230,45
DA:231,45
DA:232,45
DA:233,45
DA:234,45
DA:235,45
DA:236,45
DA:237,28
DA:238,28
DA:239,28
DA:242,28
DA:243,6
DA:244,6
DA:245,6
DA:246,6
DA:247,6
DA:251,28
DA:252,28
DA:255,28
DA:257,28
DA:258,0
DA:259,0
DA:261,0
DA:262,0
DA:263,0
DA:264,0
DA:265,0
DA:266,0
DA:267,0
DA:270,0
DA:271,0
DA:272,0
DA:274,0
DA:275,0
DA:276,0
DA:278,0
DA:279,0
DA:281,9
DA:283,28
DA:284,28
DA:287,28
DA:288,28
DA:290,28
DA:291,28
DA:292,6
DA:293,11
DA:296,11
DA:297,11
DA:298,11
DA:299,11
DA:300,11
DA:301,11
DA:302,11
DA:304,11
DA:305,11
DA:306,11
DA:309,11
DA:310,0
DA:311,0
DA:313,11
DA:314,11
DA:315,11
DA:318,11
DA:319,6
DA:321,3
DA:324,28
DA:325,28
DA:326,28
DA:328,28
DA:330,1
LF:234
LH:151
BRDA:8,0,0,28
BRDA:187,1,0,25
BRDA:187,2,0,19
BRDA:189,3,0,9
BRDA:203,4,0,0
BRDA:210,5,0,0
BRDA:242,6,0,6
BRDA:257,7,0,0
BRDA:257,8,0,0
BRDA:279,9,0,9
BRDA:291,10,0,6
BRDA:319,11,0,3
BRDA:33,12,0,7
BRDA:55,13,0,3
BRDA:59,14,0,0
BRDA:64,15,0,4
BRDA:34,16,0,7
BRDA:36,17,0,4
BRDA:41,18,0,4
BRDA:41,19,0,4
BRDA:45,20,0,0
BRDA:72,21,0,4
BRDA:76,22,0,0
BRDA:102,23,0,12
BRDA:103,24,0,1
BRDA:109,25,0,11
BRDA:105,26,0,2
BRDA:106,27,0,2
BRDA:116,28,0,1
BRDA:118,29,0,1
BRDA:119,30,0,0
BRDA:227,31,0,45
BRDA:245,32,0,1
BRDA:292,33,0,11
BRDA:297,34,0,0
BRDA:309,35,0,0
BRDA:314,36,0,1
BRF:37
BRH:27
end_of_record
TN:
SF:src/pages/signup.jsx
FN:8,SignUp
FN:30,fetchSecurityQuestions
FN:50,handleSignUp
FN:129,onChange
FN:140,onChange
FN:151,onChange
FN:162,onChange
FN:172,onChange
FN:190,onChange
FN:201,onChange
FNF:10
FNH:9
FNDA:23,SignUp
FNDA:4,fetchSecurityQuestions
FNDA:5,handleSignUp
FNDA:2,onChange
FNDA:2,onChange
FNDA:3,onChange
FNDA:3,onChange
FNDA:0,onChange
FNDA:2,onChange
FNDA:3,onChange
DA:1,1
DA:2,1
DA:3,1
DA:4,1
DA:5,1
DA:8,1
DA:11,23
DA:14,23
DA:15,23
DA:16,23
DA:17,23
DA:20,23
DA:24,23
DA:25,23
DA:26,23
DA:29,23
DA:30,4
DA:31,4
DA:32,4
DA:34,4
DA:37,4
DA:38,4
DA:39,4
DA:40,4
DA:41,4
DA:42,0
DA:43,0
DA:44,4
DA:46,4
DA:47,23
DA:50,23
DA:51,5
DA:54,5
DA:55,1
DA:56,1
DA:57,1
DA:58,5
DA:59,1
DA:60,1
DA:61,1
DA:62,5
DA:63,1
DA:64,1
DA:65,1
DA:66,5
DA:67,0
DA:68,0
DA:69,0
DA:72,5
DA:73,5
DA:76,5
DA:77,5
DA:78,5
DA:79,5
DA:80,5
DA:81,5
DA:82,5
DA:83,5
DA:84,5
DA:85,5
DA:86,5
DA:88,5
DA:91,5
DA:92,5
DA:94,1
DA:97,1
DA:98,1
DA:99,1
DA:101,1
DA:104,1
DA:105,1
DA:106,1
DA:107,1
DA:108,1
DA:109,1
DA:110,5
DA:113,23
DA:114,23
DA:115,23
DA:118,23
DA:119,23
DA:120,23
DA:123,23
DA:124,23
DA:125,23
DA:126,23
DA:127,23
DA:128,23
DA:129,23
DA:130,23
DA:131,23
DA:132,23
DA:134,23
DA:135,23
DA:136,23
DA:137,23
DA:138,23
DA:139,23
DA:140,23
DA:141,23
DA:142,23
DA:143,23
DA:145,23
DA:146,23
DA:147,23
DA:148,23
DA:149,23
DA:150,23
DA:151,23
DA:152,23
DA:153,23
DA:154,23
DA:156,23
DA:157,23
DA:158,23
DA:159,23
DA:160,23
DA:161,23
DA:162,23
DA:163,23
DA:164,23
DA:165,23
DA:167,23
DA:168,23
DA:169,23
DA:170,23
DA:171,23
DA:172,23
DA:173,23
DA:175,23
DA:176,38
DA:177,38
DA:178,38
DA:179,23
DA:180,23
DA:182,23
DA:184,23
DA:185,23
DA:186,23
DA:187,23
DA:188,23
DA:189,23
DA:190,23
DA:191,23
DA:192,23
DA:193,23
DA:195,23
DA:196,23
DA:197,23
DA:198,23
DA:199,23
DA:200,23
DA:201,23
DA:202,23
DA:203,23
DA:204,23
DA:205,23
DA:208,23
DA:209,23
DA:210,23
DA:212,23
DA:215,23
DA:217,23
DA:218,23
DA:220,23
DA:221,23
DA:223,23
DA:225,1
LF:168
LH:163
BRDA:8,0,0,23
BRDA:29,1,0,4
BRDA:30,2,0,4
BRDA:41,3,0,0
BRDA:50,4,0,5
BRDA:54,5,0,1
BRDA:57,6,0,4
BRDA:58,7,0,1
BRDA:61,8,0,3
BRDA:62,9,0,1
BRDA:65,10,0,2
BRDA:66,11,0,0
BRDA:69,12,0,2
BRDA:72,13,0,0
BRDA:73,14,0,0
BRDA:92,15,0,1
BRDA:107,16,0,0
BRDA:108,17,0,0
BRDA:129,18,0,2
BRDA:140,19,0,2
BRDA:151,20,0,3
BRDA:162,21,0,3
BRDA:175,22,0,38
BRDA:190,23,0,2
BRDA:201,24,0,3
BRF:25
BRH:19
end_of_record
TN:
SF:src/pages/terms-and-conditions.jsx
FN:6,Terms
FNF:1
FNH:1
FNDA:2,Terms
DA:1,1
DA:2,1
DA:3,1
DA:6,1
DA:7,2
DA:10,2
DA:13,2
DA:14,2
DA:16,2
DA:17,2
DA:19,2
DA:20,2
DA:21,2
DA:23,2
DA:25,2
DA:26,2
DA:28,2
DA:30,2
DA:31,2
DA:33,2
DA:35,2
DA:36,2
DA:38,2
DA:40,2
DA:41,2
DA:43,2
DA:45,2
DA:46,2
DA:48,2
DA:50,2
DA:51,2
DA:52,2
DA:53,2
DA:55,2
DA:56,2
DA:58,2
DA:60,1
LF:37
LH:37
BRDA:6,0,0,2
BRF:1
BRH:1
end_of_record
